{"numTotalTestSuites":8,"numPassedTestSuites":8,"numFailedTestSuites":0,"numPendingTestSuites":0,"numTotalTests":19,"numPassedTests":19,"numFailedTests":0,"numPendingTests":0,"numTodoTests":0,"snapshot":{"added":0,"failure":false,"filesAdded":0,"filesRemoved":0,"filesRemovedList":[],"filesUnmatched":0,"filesUpdated":0,"matched":0,"total":0,"unchecked":0,"uncheckedKeysByFile":[],"unmatched":0,"updated":0,"didUpdate":false},"startTime":1751340238009,"success":true,"testResults":[{"assertionResults":[{"ancestorTitles":["App Store"],"fullName":"App Store should initialize with correct default state","status":"passed","title":"should initialize with correct default state","duration":2.0087499999999636,"failureMessages":[],"location":{"line":11,"column":3},"meta":{}},{"ancestorTitles":["App Store"],"fullName":"App Store should add notifications correctly","status":"passed","title":"should add notifications correctly","duration":1.2327910000000202,"failureMessages":[],"location":{"line":22,"column":3},"meta":{}},{"ancestorTitles":["App Store"],"fullName":"App Store should remove notifications correctly","status":"passed","title":"should remove notifications correctly","duration":0.5892090000000962,"failureMessages":[],"location":{"line":44,"column":3},"meta":{}},{"ancestorTitles":["App Store"],"fullName":"App Store should clear all notifications","status":"passed","title":"should clear all notifications","duration":0.37562500000001364,"failureMessages":[],"location":{"line":70,"column":3},"meta":{}},{"ancestorTitles":["App Store"],"fullName":"App Store should provide convenience notification methods","status":"passed","title":"should provide convenience notification methods","duration":0.5478749999999764,"failureMessages":[],"location":{"line":83,"column":3},"meta":{}},{"ancestorTitles":["App Store"],"fullName":"App Store should change current view","status":"passed","title":"should change current view","duration":0.19604199999992034,"failureMessages":[],"location":{"line":98,"column":3},"meta":{}},{"ancestorTitles":["App Store"],"fullName":"App Store should reset state correctly","status":"passed","title":"should reset state correctly","duration":0.23133399999994708,"failureMessages":[],"location":{"line":110,"column":3},"meta":{}},{"ancestorTitles":["App Store"],"fullName":"App Store should filter unread notifications correctly","status":"passed","title":"should filter unread notifications correctly","duration":0.3045830000000933,"failureMessages":[],"location":{"line":128,"column":3},"meta":{}}],"startTime":1751340238385,"endTime":1751340238390.3047,"status":"passed","message":"","name":"/Users/uvu/YunYan/frontend/stores/app.test.ts"},{"assertionResults":[{"ancestorTitles":["Tauri Commands","greet command"],"fullName":"Tauri Commands greet command should call greet command with correct parameters","status":"passed","title":"should call greet command with correct parameters","duration":1.6545419999999922,"failureMessages":[],"location":{"line":12,"column":5},"meta":{}},{"ancestorTitles":["Tauri Commands","greet command"],"fullName":"Tauri Commands greet command should handle greet command errors","status":"passed","title":"should handle greet command errors","duration":0.8387500000000045,"failureMessages":[],"location":{"line":28,"column":5},"meta":{}},{"ancestorTitles":["Tauri Commands","system commands"],"fullName":"Tauri Commands system commands should get system info successfully","status":"passed","title":"should get system info successfully","duration":0.28125,"failureMessages":[],"location":{"line":41,"column":5},"meta":{}},{"ancestorTitles":["Tauri Commands","system commands"],"fullName":"Tauri Commands system commands should handle system info errors","status":"passed","title":"should handle system info errors","duration":0.27708400000005895,"failureMessages":[],"location":{"line":53,"column":5},"meta":{}},{"ancestorTitles":["Tauri Commands","config commands"],"fullName":"Tauri Commands config commands should get config successfully","status":"passed","title":"should get config successfully","duration":0.2691669999999249,"failureMessages":[],"location":{"line":66,"column":5},"meta":{}},{"ancestorTitles":["Tauri Commands","config commands"],"fullName":"Tauri Commands config commands should set config successfully","status":"passed","title":"should set config successfully","duration":0.17862500000001091,"failureMessages":[],"location":{"line":83,"column":5},"meta":{}},{"ancestorTitles":["Tauri Commands","config commands"],"fullName":"Tauri Commands config commands should handle config errors","status":"passed","title":"should handle config errors","duration":0.28216600000007475,"failureMessages":[],"location":{"line":96,"column":5},"meta":{}},{"ancestorTitles":["Tauri Commands","file system commands"],"fullName":"Tauri Commands file system commands should read file successfully","status":"passed","title":"should read file successfully","duration":0.1583340000000817,"failureMessages":[],"location":{"line":109,"column":5},"meta":{}},{"ancestorTitles":["Tauri Commands","file system commands"],"fullName":"Tauri Commands file system commands should write file successfully","status":"passed","title":"should write file successfully","duration":0.3416670000000295,"failureMessages":[],"location":{"line":123,"column":5},"meta":{}},{"ancestorTitles":["Tauri Commands","file system commands"],"fullName":"Tauri Commands file system commands should list directory successfully","status":"passed","title":"should list directory successfully","duration":0.1752079999999978,"failureMessages":[],"location":{"line":139,"column":5},"meta":{}},{"ancestorTitles":["Tauri Commands","file system commands"],"fullName":"Tauri Commands file system commands should handle file system errors","status":"passed","title":"should handle file system errors","duration":0.2377080000001115,"failureMessages":[],"location":{"line":157,"column":5},"meta":{}}],"startTime":1751340238377,"endTime":1751340238382.3416,"status":"passed","message":"","name":"/Users/uvu/YunYan/frontend/tauri/commands.test.ts"}]}