{"numTotalTestSuites":8,"numPassedTestSuites":8,"numFailedTestSuites":0,"numPendingTestSuites":0,"numTotalTests":19,"numPassedTests":19,"numFailedTests":0,"numPendingTests":0,"numTodoTests":0,"snapshot":{"added":0,"failure":false,"filesAdded":0,"filesRemoved":0,"filesRemovedList":[],"filesUnmatched":0,"filesUpdated":0,"matched":0,"total":0,"unchecked":0,"uncheckedKeysByFile":[],"unmatched":0,"updated":0,"didUpdate":false},"startTime":1751340980171,"success":true,"testResults":[{"assertionResults":[{"ancestorTitles":["App Store"],"fullName":"App Store should initialize with correct default state","status":"passed","title":"should initialize with correct default state","duration":2.7237499999999955,"failureMessages":[],"location":{"line":11,"column":3},"meta":{}},{"ancestorTitles":["App Store"],"fullName":"App Store should add notifications correctly","status":"passed","title":"should add notifications correctly","duration":1.39650000000006,"failureMessages":[],"location":{"line":22,"column":3},"meta":{}},{"ancestorTitles":["App Store"],"fullName":"App Store should remove notifications correctly","status":"passed","title":"should remove notifications correctly","duration":0.5077499999999873,"failureMessages":[],"location":{"line":44,"column":3},"meta":{}},{"ancestorTitles":["App Store"],"fullName":"App Store should clear all notifications","status":"passed","title":"should clear all notifications","duration":0.3471670000000131,"failureMessages":[],"location":{"line":70,"column":3},"meta":{}},{"ancestorTitles":["App Store"],"fullName":"App Store should provide convenience notification methods","status":"passed","title":"should provide convenience notification methods","duration":0.4013749999999163,"failureMessages":[],"location":{"line":83,"column":3},"meta":{}},{"ancestorTitles":["App Store"],"fullName":"App Store should change current view","status":"passed","title":"should change current view","duration":0.15154099999995196,"failureMessages":[],"location":{"line":98,"column":3},"meta":{}},{"ancestorTitles":["App Store"],"fullName":"App Store should reset state correctly","status":"passed","title":"should reset state correctly","duration":0.21895899999992707,"failureMessages":[],"location":{"line":110,"column":3},"meta":{}},{"ancestorTitles":["App Store"],"fullName":"App Store should filter unread notifications correctly","status":"passed","title":"should filter unread notifications correctly","duration":0.290958000000046,"failureMessages":[],"location":{"line":128,"column":3},"meta":{}}],"startTime":1751340980543,"endTime":1751340980549.291,"status":"passed","message":"","name":"/Users/uvu/YunYan/frontend/stores/app.test.ts"},{"assertionResults":[{"ancestorTitles":["Tauri Commands","greet command"],"fullName":"Tauri Commands greet command should call greet command with correct parameters","status":"passed","title":"should call greet command with correct parameters","duration":1.6099159999999983,"failureMessages":[],"location":{"line":12,"column":5},"meta":{}},{"ancestorTitles":["Tauri Commands","greet command"],"fullName":"Tauri Commands greet command should handle greet command errors","status":"passed","title":"should handle greet command errors","duration":0.9937909999999874,"failureMessages":[],"location":{"line":28,"column":5},"meta":{}},{"ancestorTitles":["Tauri Commands","system commands"],"fullName":"Tauri Commands system commands should get system info successfully","status":"passed","title":"should get system info successfully","duration":0.2689589999999953,"failureMessages":[],"location":{"line":41,"column":5},"meta":{}},{"ancestorTitles":["Tauri Commands","system commands"],"fullName":"Tauri Commands system commands should handle system info errors","status":"passed","title":"should handle system info errors","duration":0.23804099999995287,"failureMessages":[],"location":{"line":53,"column":5},"meta":{}},{"ancestorTitles":["Tauri Commands","config commands"],"fullName":"Tauri Commands config commands should get config successfully","status":"passed","title":"should get config successfully","duration":0.26395800000000236,"failureMessages":[],"location":{"line":66,"column":5},"meta":{}},{"ancestorTitles":["Tauri Commands","config commands"],"fullName":"Tauri Commands config commands should set config successfully","status":"passed","title":"should set config successfully","duration":0.18020899999999074,"failureMessages":[],"location":{"line":83,"column":5},"meta":{}},{"ancestorTitles":["Tauri Commands","config commands"],"fullName":"Tauri Commands config commands should handle config errors","status":"passed","title":"should handle config errors","duration":0.4130419999999049,"failureMessages":[],"location":{"line":96,"column":5},"meta":{}},{"ancestorTitles":["Tauri Commands","file system commands"],"fullName":"Tauri Commands file system commands should read file successfully","status":"passed","title":"should read file successfully","duration":0.23716699999999946,"failureMessages":[],"location":{"line":109,"column":5},"meta":{}},{"ancestorTitles":["Tauri Commands","file system commands"],"fullName":"Tauri Commands file system commands should write file successfully","status":"passed","title":"should write file successfully","duration":0.3962500000000091,"failureMessages":[],"location":{"line":123,"column":5},"meta":{}},{"ancestorTitles":["Tauri Commands","file system commands"],"fullName":"Tauri Commands file system commands should list directory successfully","status":"passed","title":"should list directory successfully","duration":0.18624999999997272,"failureMessages":[],"location":{"line":139,"column":5},"meta":{}},{"ancestorTitles":["Tauri Commands","file system commands"],"fullName":"Tauri Commands file system commands should handle file system errors","status":"passed","title":"should handle file system errors","duration":0.28758300000004056,"failureMessages":[],"location":{"line":157,"column":5},"meta":{}}],"startTime":1751340980535,"endTime":1751340980540.2876,"status":"passed","message":"","name":"/Users/uvu/YunYan/frontend/tauri/commands.test.ts"}]}