{"/Users/uvu/YunYan/playwright.config.ts": {"path":"/Users/uvu/YunYan/playwright.config.ts","all":true,"statementMap":{"0":{"start":{"line":1,"column":0},"end":{"line":1,"column":56}},"2":{"start":{"line":3,"column":0},"end":{"line":3,"column":29}},"3":{"start":{"line":4,"column":0},"end":{"line":4,"column":25}},"4":{"start":{"line":5,"column":0},"end":{"line":5,"column":22}},"5":{"start":{"line":6,"column":0},"end":{"line":6,"column":31}},"6":{"start":{"line":7,"column":0},"end":{"line":7,"column":34}},"7":{"start":{"line":8,"column":0},"end":{"line":8,"column":42}},"8":{"start":{"line":9,"column":0},"end":{"line":9,"column":19}},"9":{"start":{"line":10,"column":0},"end":{"line":10,"column":8}},"10":{"start":{"line":11,"column":0},"end":{"line":11,"column":37}},"11":{"start":{"line":12,"column":0},"end":{"line":12,"column":28}},"12":{"start":{"line":13,"column":0},"end":{"line":13,"column":33}},"13":{"start":{"line":14,"column":0},"end":{"line":14,"column":4}},"15":{"start":{"line":16,"column":0},"end":{"line":16,"column":13}},"16":{"start":{"line":17,"column":0},"end":{"line":17,"column":5}},"17":{"start":{"line":18,"column":0},"end":{"line":18,"column":23}},"18":{"start":{"line":19,"column":0},"end":{"line":19,"column":43}},"19":{"start":{"line":20,"column":0},"end":{"line":20,"column":6}},"20":{"start":{"line":21,"column":0},"end":{"line":21,"column":5}},"21":{"start":{"line":22,"column":0},"end":{"line":22,"column":22}},"22":{"start":{"line":23,"column":0},"end":{"line":23,"column":44}},"23":{"start":{"line":24,"column":0},"end":{"line":24,"column":6}},"24":{"start":{"line":25,"column":0},"end":{"line":25,"column":5}},"25":{"start":{"line":26,"column":0},"end":{"line":26,"column":21}},"26":{"start":{"line":27,"column":0},"end":{"line":27,"column":43}},"27":{"start":{"line":28,"column":0},"end":{"line":28,"column":5}},"28":{"start":{"line":29,"column":0},"end":{"line":29,"column":4}},"30":{"start":{"line":31,"column":0},"end":{"line":31,"column":14}},"31":{"start":{"line":32,"column":0},"end":{"line":32,"column":24}},"32":{"start":{"line":33,"column":0},"end":{"line":33,"column":33}},"33":{"start":{"line":34,"column":0},"end":{"line":34,"column":41}},"34":{"start":{"line":35,"column":0},"end":{"line":35,"column":23}},"35":{"start":{"line":36,"column":0},"end":{"line":36,"column":3}},"36":{"start":{"line":37,"column":0},"end":{"line":37,"column":2}}},"s":{"0":0,"2":0,"3":0,"4":0,"5":0,"6":0,"7":0,"8":0,"9":0,"10":0,"11":0,"12":0,"13":0,"15":0,"16":0,"17":0,"18":0,"19":0,"20":0,"21":0,"22":0,"23":0,"24":0,"25":0,"26":0,"27":0,"28":0,"30":0,"31":0,"32":0,"33":0,"34":0,"35":0,"36":0},"branchMap":{"0":{"type":"branch","line":1,"loc":{"start":{"line":1,"column":789},"end":{"line":37,"column":2}},"locations":[{"start":{"line":1,"column":789},"end":{"line":37,"column":2}}]}},"b":{"0":[0]},"fnMap":{"0":{"name":"(empty-report)","decl":{"start":{"line":1,"column":789},"end":{"line":37,"column":2}},"loc":{"start":{"line":1,"column":789},"end":{"line":37,"column":2}},"line":1}},"f":{"0":0}}
,"/Users/uvu/YunYan/src/App.vue": {"path":"/Users/uvu/YunYan/src/App.vue","all":true,"statementMap":{"1":{"start":{"line":2,"column":0},"end":{"line":2,"column":55}},"5":{"start":{"line":6,"column":0},"end":{"line":6,"column":29}},"6":{"start":{"line":7,"column":0},"end":{"line":7,"column":30}},"7":{"start":{"line":8,"column":0},"end":{"line":8,"column":11}},"8":{"start":{"line":9,"column":0},"end":{"line":9,"column":31}},"9":{"start":{"line":10,"column":0},"end":{"line":10,"column":48}},"10":{"start":{"line":11,"column":0},"end":{"line":11,"column":56}},"11":{"start":{"line":12,"column":0},"end":{"line":12,"column":14}},"13":{"start":{"line":14,"column":0},"end":{"line":14,"column":12}},"14":{"start":{"line":15,"column":0},"end":{"line":15,"column":21}},"15":{"start":{"line":16,"column":0},"end":{"line":16,"column":10}},"16":{"start":{"line":17,"column":0},"end":{"line":17,"column":54}},"17":{"start":{"line":18,"column":0},"end":{"line":18,"column":8}}},"s":{"1":0,"5":0,"6":0,"7":0,"8":0,"9":0,"10":0,"11":0,"13":0,"14":0,"15":0,"16":0,"17":0},"branchMap":{"0":{"type":"branch","line":1,"loc":{"start":{"line":1,"column":2527},"end":{"line":111,"column":8}},"locations":[{"start":{"line":1,"column":2527},"end":{"line":111,"column":8}}]}},"b":{"0":[1]},"fnMap":{"0":{"name":"(empty-report)","decl":{"start":{"line":1,"column":2527},"end":{"line":111,"column":8}},"loc":{"start":{"line":1,"column":2527},"end":{"line":111,"column":8}},"line":1}},"f":{"0":1}}
,"/Users/uvu/YunYan/src/main.ts": {"path":"/Users/uvu/YunYan/src/main.ts","all":true,"statementMap":{"0":{"start":{"line":1,"column":0},"end":{"line":1,"column":32}},"1":{"start":{"line":2,"column":0},"end":{"line":2,"column":36}},"2":{"start":{"line":3,"column":0},"end":{"line":3,"column":28}},"3":{"start":{"line":4,"column":0},"end":{"line":4,"column":30}},"4":{"start":{"line":5,"column":0},"end":{"line":5,"column":33}},"5":{"start":{"line":6,"column":0},"end":{"line":6,"column":48}},"7":{"start":{"line":8,"column":0},"end":{"line":8,"column":28}},"8":{"start":{"line":9,"column":0},"end":{"line":9,"column":27}},"10":{"start":{"line":11,"column":0},"end":{"line":11,"column":41}},"13":{"start":{"line":14,"column":0},"end":{"line":14,"column":18}},"16":{"start":{"line":17,"column":0},"end":{"line":17,"column":31}},"17":{"start":{"line":18,"column":0},"end":{"line":18,"column":19}}},"s":{"0":0,"1":0,"2":0,"3":0,"4":0,"5":0,"7":0,"8":0,"10":0,"13":0,"16":0,"17":0},"branchMap":{"0":{"type":"branch","line":1,"loc":{"start":{"line":1,"column":0},"end":{"line":18,"column":-243}},"locations":[{"start":{"line":1,"column":0},"end":{"line":18,"column":-243}}]}},"b":{"0":[0]},"fnMap":{"0":{"name":"(empty-report)","decl":{"start":{"line":1,"column":0},"end":{"line":18,"column":-243}},"loc":{"start":{"line":1,"column":0},"end":{"line":18,"column":-243}},"line":1}},"f":{"0":0}}
,"/Users/uvu/YunYan/src/components/canvas/CanvasCard.vue": {"path":"/Users/uvu/YunYan/src/components/canvas/CanvasCard.vue","all":false,"statementMap":{"1":{"start":{"line":2,"column":0},"end":{"line":2,"column":10}},"2":{"start":{"line":3,"column":0},"end":{"line":3,"column":14}},"8":{"start":{"line":9,"column":0},"end":{"line":9,"column":28}},"9":{"start":{"line":10,"column":0},"end":{"line":10,"column":24}},"10":{"start":{"line":11,"column":0},"end":{"line":11,"column":36}},"11":{"start":{"line":12,"column":0},"end":{"line":12,"column":18}},"13":{"start":{"line":14,"column":0},"end":{"line":14,"column":11}},"14":{"start":{"line":15,"column":0},"end":{"line":15,"column":16}},"27":{"start":{"line":28,"column":0},"end":{"line":28,"column":6}},"28":{"start":{"line":29,"column":0},"end":{"line":29,"column":26}},"29":{"start":{"line":30,"column":0},"end":{"line":30,"column":11}},"30":{"start":{"line":31,"column":0},"end":{"line":31,"column":25}},"31":{"start":{"line":32,"column":0},"end":{"line":32,"column":18}},"47":{"start":{"line":48,"column":0},"end":{"line":48,"column":6}},"49":{"start":{"line":50,"column":0},"end":{"line":50,"column":12}},"53":{"start":{"line":54,"column":0},"end":{"line":54,"column":48}},"54":{"start":{"line":55,"column":0},"end":{"line":55,"column":36}},"57":{"start":{"line":58,"column":0},"end":{"line":58,"column":27}},"68":{"start":{"line":69,"column":0},"end":{"line":69,"column":26}},"72":{"start":{"line":73,"column":0},"end":{"line":73,"column":31}},"74":{"start":{"line":75,"column":0},"end":{"line":75,"column":69}},"79":{"start":{"line":80,"column":0},"end":{"line":80,"column":60}},"81":{"start":{"line":82,"column":0},"end":{"line":82,"column":67}},"83":{"start":{"line":84,"column":0},"end":{"line":84,"column":53}},"84":{"start":{"line":85,"column":0},"end":{"line":85,"column":52}},"85":{"start":{"line":86,"column":0},"end":{"line":86,"column":33}},"86":{"start":{"line":87,"column":0},"end":{"line":87,"column":17}},"87":{"start":{"line":88,"column":0},"end":{"line":88,"column":3}},"88":{"start":{"line":89,"column":0},"end":{"line":89,"column":63}},"89":{"start":{"line":90,"column":0},"end":{"line":90,"column":2}},"93":{"start":{"line":94,"column":0},"end":{"line":94,"column":47}},"94":{"start":{"line":95,"column":0},"end":{"line":95,"column":49}},"96":{"start":{"line":97,"column":0},"end":{"line":97,"column":65}},"97":{"start":{"line":98,"column":0},"end":{"line":98,"column":70}},"98":{"start":{"line":99,"column":0},"end":{"line":99,"column":2}},"100":{"start":{"line":101,"column":0},"end":{"line":101,"column":64}},"101":{"start":{"line":102,"column":0},"end":{"line":102,"column":27}},"103":{"start":{"line":104,"column":0},"end":{"line":104,"column":31}},"104":{"start":{"line":105,"column":0},"end":{"line":105,"column":3}},"105":{"start":{"line":106,"column":0},"end":{"line":106,"column":2}},"107":{"start":{"line":108,"column":0},"end":{"line":108,"column":72}},"109":{"start":{"line":110,"column":0},"end":{"line":110,"column":25}},"110":{"start":{"line":111,"column":0},"end":{"line":111,"column":24}},"113":{"start":{"line":114,"column":0},"end":{"line":114,"column":35}},"114":{"start":{"line":115,"column":0},"end":{"line":115,"column":2}}},"s":{"1":1,"2":1,"8":1,"9":1,"10":1,"11":1,"13":1,"14":1,"27":1,"28":1,"29":1,"30":1,"31":1,"47":1,"49":1,"53":1,"54":1,"57":1,"68":1,"72":1,"74":1,"79":1,"81":6,"83":6,"84":6,"85":6,"86":6,"87":6,"88":0,"89":6,"93":1,"94":1,"96":1,"97":0,"98":0,"100":1,"101":1,"103":1,"104":1,"105":1,"107":1,"109":1,"110":1,"113":1,"114":1},"branchMap":{"0":{"type":"branch","line":75,"loc":{"start":{"line":75,"column":28},"end":{"line":75,"column":67}},"locations":[{"start":{"line":75,"column":28},"end":{"line":75,"column":67}}]},"1":{"type":"branch","line":80,"loc":{"start":{"line":80,"column":22},"end":{"line":90,"column":2}},"locations":[{"start":{"line":80,"column":22},"end":{"line":90,"column":2}}]},"2":{"type":"branch","line":88,"loc":{"start":{"line":88,"column":2},"end":{"line":89,"column":63}},"locations":[{"start":{"line":88,"column":2},"end":{"line":89,"column":63}}]},"3":{"type":"branch","line":101,"loc":{"start":{"line":101,"column":20},"end":{"line":106,"column":2}},"locations":[{"start":{"line":101,"column":20},"end":{"line":106,"column":2}}]},"4":{"type":"branch","line":108,"loc":{"start":{"line":108,"column":26},"end":{"line":115,"column":2}},"locations":[{"start":{"line":108,"column":26},"end":{"line":115,"column":2}}]}},"b":{"0":[5],"1":[6],"2":[0],"3":[1],"4":[1]},"fnMap":{"0":{"name":"truncateTitle","decl":{"start":{"line":80,"column":22},"end":{"line":90,"column":2}},"loc":{"start":{"line":80,"column":22},"end":{"line":90,"column":2}},"line":80},"1":{"name":"handleDragEnd","decl":{"start":{"line":97,"column":22},"end":{"line":99,"column":2}},"loc":{"start":{"line":97,"column":22},"end":{"line":99,"column":2}},"line":97},"2":{"name":"handleClick","decl":{"start":{"line":101,"column":20},"end":{"line":106,"column":2}},"loc":{"start":{"line":101,"column":20},"end":{"line":106,"column":2}},"line":101},"3":{"name":"handleContextMenu","decl":{"start":{"line":108,"column":26},"end":{"line":115,"column":2}},"loc":{"start":{"line":108,"column":26},"end":{"line":115,"column":2}},"line":108}},"f":{"0":6,"1":0,"2":1,"3":1}}
,"/Users/uvu/YunYan/src/components/canvas/ConnectionLine.vue": {"path":"/Users/uvu/YunYan/src/components/canvas/ConnectionLine.vue","all":true,"statementMap":{"1":{"start":{"line":2,"column":0},"end":{"line":2,"column":11}},"2":{"start":{"line":3,"column":0},"end":{"line":3,"column":58}},"3":{"start":{"line":4,"column":0},"end":{"line":4,"column":58}},"4":{"start":{"line":5,"column":0},"end":{"line":5,"column":12}},"8":{"start":{"line":9,"column":0},"end":{"line":9,"column":31}},"11":{"start":{"line":12,"column":0},"end":{"line":12,"column":27}},"17":{"start":{"line":18,"column":0},"end":{"line":18,"column":25}},"18":{"start":{"line":19,"column":0},"end":{"line":19,"column":18}},"19":{"start":{"line":20,"column":0},"end":{"line":20,"column":17}},"20":{"start":{"line":21,"column":0},"end":{"line":21,"column":16}},"21":{"start":{"line":22,"column":0},"end":{"line":22,"column":20}},"22":{"start":{"line":23,"column":0},"end":{"line":23,"column":19}},"23":{"start":{"line":24,"column":0},"end":{"line":24,"column":2}},"31":{"start":{"line":32,"column":0},"end":{"line":32,"column":53}},"32":{"start":{"line":33,"column":0},"end":{"line":33,"column":48}},"33":{"start":{"line":34,"column":0},"end":{"line":34,"column":49}},"34":{"start":{"line":35,"column":0},"end":{"line":35,"column":42}},"35":{"start":{"line":36,"column":0},"end":{"line":36,"column":43}},"37":{"start":{"line":38,"column":0},"end":{"line":38,"column":25}},"38":{"start":{"line":39,"column":0},"end":{"line":39,"column":25}},"40":{"start":{"line":41,"column":0},"end":{"line":41,"column":29}},"41":{"start":{"line":42,"column":0},"end":{"line":42,"column":34}},"42":{"start":{"line":43,"column":0},"end":{"line":43,"column":3}},"44":{"start":{"line":45,"column":0},"end":{"line":45,"column":37}},"45":{"start":{"line":46,"column":0},"end":{"line":46,"column":51}},"47":{"start":{"line":48,"column":0},"end":{"line":48,"column":19}},"49":{"start":{"line":50,"column":0},"end":{"line":50,"column":27}},"50":{"start":{"line":51,"column":0},"end":{"line":51,"column":72}},"51":{"start":{"line":52,"column":0},"end":{"line":52,"column":71}},"52":{"start":{"line":53,"column":0},"end":{"line":53,"column":10}},"53":{"start":{"line":54,"column":0},"end":{"line":54,"column":72}},"54":{"start":{"line":55,"column":0},"end":{"line":55,"column":74}},"55":{"start":{"line":56,"column":0},"end":{"line":56,"column":3}},"56":{"start":{"line":57,"column":0},"end":{"line":57,"column":32}},"57":{"start":{"line":58,"column":0},"end":{"line":58,"column":1}},"59":{"start":{"line":60,"column":0},"end":{"line":60,"column":66}},"60":{"start":{"line":61,"column":0},"end":{"line":61,"column":66}},"62":{"start":{"line":63,"column":0},"end":{"line":63,"column":37}},"63":{"start":{"line":64,"column":0},"end":{"line":64,"column":87}},"64":{"start":{"line":65,"column":0},"end":{"line":65,"column":92}},"65":{"start":{"line":66,"column":0},"end":{"line":66,"column":3}},"66":{"start":{"line":67,"column":0},"end":{"line":67,"column":14}},"67":{"start":{"line":68,"column":0},"end":{"line":68,"column":3}},"69":{"start":{"line":70,"column":0},"end":{"line":70,"column":37}},"70":{"start":{"line":71,"column":0},"end":{"line":71,"column":87}},"71":{"start":{"line":72,"column":0},"end":{"line":72,"column":92}},"72":{"start":{"line":73,"column":0},"end":{"line":73,"column":3}},"73":{"start":{"line":74,"column":0},"end":{"line":74,"column":14}},"74":{"start":{"line":75,"column":0},"end":{"line":75,"column":3}}},"s":{"1":0,"2":0,"3":0,"4":0,"8":0,"11":0,"17":0,"18":0,"19":0,"20":0,"21":0,"22":0,"23":0,"31":0,"32":0,"33":0,"34":0,"35":0,"37":0,"38":0,"40":0,"41":0,"42":0,"44":0,"45":0,"47":0,"49":0,"50":0,"51":0,"52":0,"53":0,"54":0,"55":0,"56":0,"57":0,"59":0,"60":0,"62":0,"63":0,"64":0,"65":0,"66":0,"67":0,"69":0,"70":0,"71":0,"72":0,"73":0,"74":0},"branchMap":{"0":{"type":"branch","line":1,"loc":{"start":{"line":1,"column":2176},"end":{"line":76,"column":9}},"locations":[{"start":{"line":1,"column":2176},"end":{"line":76,"column":9}}]}},"b":{"0":[1]},"fnMap":{"0":{"name":"(empty-report)","decl":{"start":{"line":1,"column":2176},"end":{"line":76,"column":9}},"loc":{"start":{"line":1,"column":2176},"end":{"line":76,"column":9}},"line":1}},"f":{"0":1}}
,"/Users/uvu/YunYan/src/components/sidebar/Sidebar.vue": {"path":"/Users/uvu/YunYan/src/components/sidebar/Sidebar.vue","all":true,"statementMap":{"1":{"start":{"line":2,"column":0},"end":{"line":2,"column":45}},"2":{"start":{"line":3,"column":0},"end":{"line":3,"column":32}},"3":{"start":{"line":4,"column":0},"end":{"line":4,"column":12}},"4":{"start":{"line":5,"column":0},"end":{"line":5,"column":36}},"5":{"start":{"line":6,"column":0},"end":{"line":6,"column":34}},"6":{"start":{"line":7,"column":0},"end":{"line":7,"column":27}},"7":{"start":{"line":8,"column":0},"end":{"line":8,"column":29}},"8":{"start":{"line":9,"column":0},"end":{"line":9,"column":8}},"9":{"start":{"line":10,"column":0},"end":{"line":10,"column":33}},"10":{"start":{"line":11,"column":0},"end":{"line":11,"column":86}},"11":{"start":{"line":12,"column":0},"end":{"line":12,"column":12}},"12":{"start":{"line":13,"column":0},"end":{"line":13,"column":87}},"19":{"start":{"line":20,"column":0},"end":{"line":20,"column":15}},"20":{"start":{"line":21,"column":0},"end":{"line":21,"column":10}},"21":{"start":{"line":22,"column":0},"end":{"line":22,"column":33}},"22":{"start":{"line":23,"column":0},"end":{"line":23,"column":43}},"23":{"start":{"line":24,"column":0},"end":{"line":24,"column":86}},"25":{"start":{"line":26,"column":0},"end":{"line":26,"column":17}},"26":{"start":{"line":27,"column":0},"end":{"line":27,"column":12}},"28":{"start":{"line":29,"column":0},"end":{"line":29,"column":21}},"29":{"start":{"line":30,"column":0},"end":{"line":30,"column":51}},"30":{"start":{"line":31,"column":0},"end":{"line":31,"column":21}},"31":{"start":{"line":32,"column":0},"end":{"line":32,"column":34}},"32":{"start":{"line":33,"column":0},"end":{"line":33,"column":70}},"34":{"start":{"line":35,"column":0},"end":{"line":35,"column":19}},"35":{"start":{"line":36,"column":0},"end":{"line":36,"column":74}},"37":{"start":{"line":38,"column":0},"end":{"line":38,"column":19}},"38":{"start":{"line":39,"column":0},"end":{"line":39,"column":71}},"40":{"start":{"line":41,"column":0},"end":{"line":41,"column":19}},"41":{"start":{"line":42,"column":0},"end":{"line":42,"column":16}},"42":{"start":{"line":43,"column":0},"end":{"line":43,"column":27}},"43":{"start":{"line":44,"column":0},"end":{"line":44,"column":23}},"44":{"start":{"line":45,"column":0},"end":{"line":45,"column":26}},"45":{"start":{"line":46,"column":0},"end":{"line":46,"column":38}},"46":{"start":{"line":47,"column":0},"end":{"line":47,"column":33}},"47":{"start":{"line":48,"column":0},"end":{"line":48,"column":12}},"48":{"start":{"line":49,"column":0},"end":{"line":49,"column":14}},"49":{"start":{"line":50,"column":0},"end":{"line":50,"column":31}},"50":{"start":{"line":51,"column":0},"end":{"line":51,"column":51}},"51":{"start":{"line":52,"column":0},"end":{"line":52,"column":48}},"52":{"start":{"line":53,"column":0},"end":{"line":53,"column":14}},"53":{"start":{"line":54,"column":0},"end":{"line":54,"column":38}},"54":{"start":{"line":55,"column":0},"end":{"line":55,"column":60}},"55":{"start":{"line":56,"column":0},"end":{"line":56,"column":51}},"56":{"start":{"line":57,"column":0},"end":{"line":57,"column":19}},"57":{"start":{"line":58,"column":0},"end":{"line":58,"column":14}},"58":{"start":{"line":59,"column":0},"end":{"line":59,"column":14}},"59":{"start":{"line":60,"column":0},"end":{"line":60,"column":12}},"61":{"start":{"line":62,"column":0},"end":{"line":62,"column":54}},"62":{"start":{"line":63,"column":0},"end":{"line":63,"column":64}},"63":{"start":{"line":64,"column":0},"end":{"line":64,"column":93}},"64":{"start":{"line":65,"column":0},"end":{"line":65,"column":14}},"65":{"start":{"line":66,"column":0},"end":{"line":66,"column":48}},"66":{"start":{"line":67,"column":0},"end":{"line":67,"column":27}},"67":{"start":{"line":68,"column":0},"end":{"line":68,"column":30}},"68":{"start":{"line":69,"column":0},"end":{"line":69,"column":37}},"69":{"start":{"line":70,"column":0},"end":{"line":70,"column":21}},"78":{"start":{"line":79,"column":0},"end":{"line":79,"column":51}},"79":{"start":{"line":80,"column":0},"end":{"line":80,"column":47}},"80":{"start":{"line":81,"column":0},"end":{"line":81,"column":28}},"81":{"start":{"line":82,"column":0},"end":{"line":82,"column":58}},"82":{"start":{"line":83,"column":0},"end":{"line":83,"column":54}},"83":{"start":{"line":84,"column":0},"end":{"line":84,"column":48}},"84":{"start":{"line":85,"column":0},"end":{"line":85,"column":36}},"86":{"start":{"line":87,"column":0},"end":{"line":87,"column":39}},"87":{"start":{"line":88,"column":0},"end":{"line":88,"column":38}},"88":{"start":{"line":89,"column":0},"end":{"line":89,"column":18}},"89":{"start":{"line":90,"column":0},"end":{"line":90,"column":34}},"90":{"start":{"line":91,"column":0},"end":{"line":91,"column":25}},"94":{"start":{"line":95,"column":0},"end":{"line":95,"column":56}},"95":{"start":{"line":96,"column":0},"end":{"line":96,"column":54}},"96":{"start":{"line":97,"column":0},"end":{"line":97,"column":54}},"98":{"start":{"line":99,"column":0},"end":{"line":99,"column":46}},"99":{"start":{"line":100,"column":0},"end":{"line":100,"column":52}},"100":{"start":{"line":101,"column":0},"end":{"line":101,"column":23}},"101":{"start":{"line":102,"column":0},"end":{"line":102,"column":20}},"103":{"start":{"line":104,"column":0},"end":{"line":104,"column":32}},"104":{"start":{"line":105,"column":0},"end":{"line":105,"column":46}},"105":{"start":{"line":106,"column":0},"end":{"line":106,"column":35}},"106":{"start":{"line":107,"column":0},"end":{"line":107,"column":20}},"107":{"start":{"line":108,"column":0},"end":{"line":108,"column":41}},"108":{"start":{"line":109,"column":0},"end":{"line":109,"column":47}},"109":{"start":{"line":110,"column":0},"end":{"line":110,"column":51}},"110":{"start":{"line":111,"column":0},"end":{"line":111,"column":55}},"111":{"start":{"line":112,"column":0},"end":{"line":112,"column":60}},"112":{"start":{"line":113,"column":0},"end":{"line":113,"column":23}},"114":{"start":{"line":115,"column":0},"end":{"line":115,"column":35}},"115":{"start":{"line":116,"column":0},"end":{"line":116,"column":25}},"117":{"start":{"line":118,"column":0},"end":{"line":118,"column":41}},"118":{"start":{"line":119,"column":0},"end":{"line":119,"column":75}},"119":{"start":{"line":120,"column":0},"end":{"line":120,"column":70}},"120":{"start":{"line":121,"column":0},"end":{"line":121,"column":49}},"121":{"start":{"line":122,"column":0},"end":{"line":122,"column":46}},"122":{"start":{"line":123,"column":0},"end":{"line":123,"column":58}},"123":{"start":{"line":124,"column":0},"end":{"line":124,"column":43}},"124":{"start":{"line":125,"column":0},"end":{"line":125,"column":26}},"125":{"start":{"line":126,"column":0},"end":{"line":126,"column":35}},"126":{"start":{"line":127,"column":0},"end":{"line":127,"column":28}},"127":{"start":{"line":128,"column":0},"end":{"line":128,"column":20}},"128":{"start":{"line":129,"column":0},"end":{"line":129,"column":18}},"129":{"start":{"line":130,"column":0},"end":{"line":130,"column":16}},"130":{"start":{"line":131,"column":0},"end":{"line":131,"column":14}},"132":{"start":{"line":133,"column":0},"end":{"line":133,"column":20}},"133":{"start":{"line":134,"column":0},"end":{"line":134,"column":62}},"134":{"start":{"line":135,"column":0},"end":{"line":135,"column":37}},"135":{"start":{"line":136,"column":0},"end":{"line":136,"column":46}},"136":{"start":{"line":137,"column":0},"end":{"line":137,"column":25}},"137":{"start":{"line":138,"column":0},"end":{"line":138,"column":48}},"138":{"start":{"line":139,"column":0},"end":{"line":139,"column":16}},"139":{"start":{"line":140,"column":0},"end":{"line":140,"column":14}},"140":{"start":{"line":141,"column":0},"end":{"line":141,"column":12}},"143":{"start":{"line":144,"column":0},"end":{"line":144,"column":10}},"145":{"start":{"line":146,"column":0},"end":{"line":146,"column":18}},"146":{"start":{"line":147,"column":0},"end":{"line":147,"column":8}},"147":{"start":{"line":148,"column":0},"end":{"line":148,"column":29}},"148":{"start":{"line":149,"column":0},"end":{"line":149,"column":24}},"149":{"start":{"line":150,"column":0},"end":{"line":150,"column":84}},"150":{"start":{"line":151,"column":0},"end":{"line":151,"column":17}},"152":{"start":{"line":153,"column":0},"end":{"line":153,"column":60}},"153":{"start":{"line":154,"column":0},"end":{"line":154,"column":41}},"154":{"start":{"line":155,"column":0},"end":{"line":155,"column":24}},"155":{"start":{"line":156,"column":0},"end":{"line":156,"column":12}},"156":{"start":{"line":157,"column":0},"end":{"line":157,"column":57}},"157":{"start":{"line":158,"column":0},"end":{"line":158,"column":42}},"158":{"start":{"line":159,"column":0},"end":{"line":159,"column":24}},"159":{"start":{"line":160,"column":0},"end":{"line":160,"column":12}},"160":{"start":{"line":161,"column":0},"end":{"line":161,"column":40}},"161":{"start":{"line":162,"column":0},"end":{"line":162,"column":68}},"162":{"start":{"line":163,"column":0},"end":{"line":163,"column":74}},"163":{"start":{"line":164,"column":0},"end":{"line":164,"column":23}},"164":{"start":{"line":165,"column":0},"end":{"line":165,"column":12}},"165":{"start":{"line":166,"column":0},"end":{"line":166,"column":66}},"166":{"start":{"line":167,"column":0},"end":{"line":167,"column":72}},"167":{"start":{"line":168,"column":0},"end":{"line":168,"column":23}},"168":{"start":{"line":169,"column":0},"end":{"line":169,"column":12}},"169":{"start":{"line":170,"column":0},"end":{"line":170,"column":63}},"170":{"start":{"line":171,"column":0},"end":{"line":171,"column":69}},"171":{"start":{"line":172,"column":0},"end":{"line":172,"column":23}},"172":{"start":{"line":173,"column":0},"end":{"line":173,"column":12}},"173":{"start":{"line":174,"column":0},"end":{"line":174,"column":63}},"174":{"start":{"line":175,"column":0},"end":{"line":175,"column":69}},"175":{"start":{"line":176,"column":0},"end":{"line":176,"column":23}},"176":{"start":{"line":177,"column":0},"end":{"line":177,"column":12}},"177":{"start":{"line":178,"column":0},"end":{"line":178,"column":10}},"179":{"start":{"line":180,"column":0},"end":{"line":180,"column":21}},"180":{"start":{"line":181,"column":0},"end":{"line":181,"column":8}},"181":{"start":{"line":182,"column":0},"end":{"line":182,"column":29}},"182":{"start":{"line":183,"column":0},"end":{"line":183,"column":26}},"183":{"start":{"line":184,"column":0},"end":{"line":184,"column":28}},"184":{"start":{"line":185,"column":0},"end":{"line":185,"column":11}},"186":{"start":{"line":187,"column":0},"end":{"line":187,"column":17}},"187":{"start":{"line":188,"column":0},"end":{"line":188,"column":8}},"188":{"start":{"line":189,"column":0},"end":{"line":189,"column":31}},"189":{"start":{"line":190,"column":0},"end":{"line":190,"column":26}},"190":{"start":{"line":191,"column":0},"end":{"line":191,"column":88}},"191":{"start":{"line":192,"column":0},"end":{"line":192,"column":17}},"193":{"start":{"line":194,"column":0},"end":{"line":194,"column":34}},"194":{"start":{"line":195,"column":0},"end":{"line":195,"column":14}},"195":{"start":{"line":196,"column":0},"end":{"line":196,"column":37}},"196":{"start":{"line":197,"column":0},"end":{"line":197,"column":31}},"197":{"start":{"line":198,"column":0},"end":{"line":198,"column":31}},"198":{"start":{"line":199,"column":0},"end":{"line":199,"column":41}},"199":{"start":{"line":200,"column":0},"end":{"line":200,"column":28}},"200":{"start":{"line":201,"column":0},"end":{"line":201,"column":10}},"201":{"start":{"line":202,"column":0},"end":{"line":202,"column":12}},"202":{"start":{"line":203,"column":0},"end":{"line":203,"column":32}},"203":{"start":{"line":204,"column":0},"end":{"line":204,"column":12}},"204":{"start":{"line":205,"column":0},"end":{"line":205,"column":45}},"205":{"start":{"line":206,"column":0},"end":{"line":206,"column":27}},"206":{"start":{"line":207,"column":0},"end":{"line":207,"column":30}},"207":{"start":{"line":208,"column":0},"end":{"line":208,"column":42}},"209":{"start":{"line":210,"column":0},"end":{"line":210,"column":62}},"210":{"start":{"line":211,"column":0},"end":{"line":211,"column":36}},"211":{"start":{"line":212,"column":0},"end":{"line":212,"column":62}},"212":{"start":{"line":213,"column":0},"end":{"line":213,"column":69}},"213":{"start":{"line":214,"column":0},"end":{"line":214,"column":16}},"214":{"start":{"line":215,"column":0},"end":{"line":215,"column":14}},"215":{"start":{"line":216,"column":0},"end":{"line":216,"column":12}},"216":{"start":{"line":217,"column":0},"end":{"line":217,"column":10}},"218":{"start":{"line":219,"column":0},"end":{"line":219,"column":19}},"219":{"start":{"line":220,"column":0},"end":{"line":220,"column":8}},"220":{"start":{"line":221,"column":0},"end":{"line":221,"column":31}},"221":{"start":{"line":222,"column":0},"end":{"line":222,"column":26}},"222":{"start":{"line":223,"column":0},"end":{"line":223,"column":30}},"223":{"start":{"line":224,"column":0},"end":{"line":224,"column":11}},"224":{"start":{"line":225,"column":0},"end":{"line":225,"column":10}},"228":{"start":{"line":229,"column":0},"end":{"line":229,"column":53}},"229":{"start":{"line":230,"column":0},"end":{"line":230,"column":60}},"230":{"start":{"line":231,"column":0},"end":{"line":231,"column":36}},"231":{"start":{"line":232,"column":0},"end":{"line":232,"column":34}},"233":{"start":{"line":234,"column":0},"end":{"line":234,"column":31}},"234":{"start":{"line":235,"column":0},"end":{"line":235,"column":97}},"236":{"start":{"line":237,"column":0},"end":{"line":237,"column":48}},"239":{"start":{"line":240,"column":0},"end":{"line":240,"column":36}},"240":{"start":{"line":241,"column":0},"end":{"line":241,"column":46}},"241":{"start":{"line":242,"column":0},"end":{"line":242,"column":48}},"244":{"start":{"line":245,"column":0},"end":{"line":245,"column":48}},"247":{"start":{"line":248,"column":0},"end":{"line":248,"column":38}},"248":{"start":{"line":249,"column":0},"end":{"line":249,"column":48}},"249":{"start":{"line":250,"column":0},"end":{"line":250,"column":52}},"250":{"start":{"line":251,"column":0},"end":{"line":251,"column":34}},"253":{"start":{"line":254,"column":0},"end":{"line":254,"column":33}},"254":{"start":{"line":255,"column":0},"end":{"line":255,"column":53}},"257":{"start":{"line":258,"column":0},"end":{"line":258,"column":22}},"258":{"start":{"line":259,"column":0},"end":{"line":259,"column":3}},"259":{"start":{"line":260,"column":0},"end":{"line":260,"column":18}},"260":{"start":{"line":261,"column":0},"end":{"line":261,"column":15}},"261":{"start":{"line":262,"column":0},"end":{"line":262,"column":25}},"262":{"start":{"line":263,"column":0},"end":{"line":263,"column":15}},"263":{"start":{"line":264,"column":0},"end":{"line":264,"column":94}},"264":{"start":{"line":265,"column":0},"end":{"line":265,"column":4}},"265":{"start":{"line":266,"column":0},"end":{"line":266,"column":3}},"266":{"start":{"line":267,"column":0},"end":{"line":267,"column":20}},"267":{"start":{"line":268,"column":0},"end":{"line":268,"column":15}},"268":{"start":{"line":269,"column":0},"end":{"line":269,"column":25}},"269":{"start":{"line":270,"column":0},"end":{"line":270,"column":15}},"270":{"start":{"line":271,"column":0},"end":{"line":271,"column":94}},"271":{"start":{"line":272,"column":0},"end":{"line":272,"column":4}},"272":{"start":{"line":273,"column":0},"end":{"line":273,"column":3}},"273":{"start":{"line":274,"column":0},"end":{"line":274,"column":15}},"274":{"start":{"line":275,"column":0},"end":{"line":275,"column":15}},"275":{"start":{"line":276,"column":0},"end":{"line":276,"column":25}},"276":{"start":{"line":277,"column":0},"end":{"line":277,"column":15}},"277":{"start":{"line":278,"column":0},"end":{"line":278,"column":91}},"278":{"start":{"line":279,"column":0},"end":{"line":279,"column":4}},"279":{"start":{"line":280,"column":0},"end":{"line":280,"column":3}},"280":{"start":{"line":281,"column":0},"end":{"line":281,"column":15}},"281":{"start":{"line":282,"column":0},"end":{"line":282,"column":15}},"282":{"start":{"line":283,"column":0},"end":{"line":283,"column":25}},"283":{"start":{"line":284,"column":0},"end":{"line":284,"column":15}},"284":{"start":{"line":285,"column":0},"end":{"line":285,"column":89}},"285":{"start":{"line":286,"column":0},"end":{"line":286,"column":4}},"286":{"start":{"line":287,"column":0},"end":{"line":287,"column":3}},"287":{"start":{"line":288,"column":0},"end":{"line":288,"column":20}},"288":{"start":{"line":289,"column":0},"end":{"line":289,"column":16}},"289":{"start":{"line":290,"column":0},"end":{"line":290,"column":25}},"290":{"start":{"line":291,"column":0},"end":{"line":291,"column":15}},"291":{"start":{"line":292,"column":0},"end":{"line":292,"column":65}},"292":{"start":{"line":293,"column":0},"end":{"line":293,"column":4}},"293":{"start":{"line":294,"column":0},"end":{"line":294,"column":3}},"294":{"start":{"line":295,"column":0},"end":{"line":295,"column":17}},"295":{"start":{"line":296,"column":0},"end":{"line":296,"column":16}},"296":{"start":{"line":297,"column":0},"end":{"line":297,"column":25}},"297":{"start":{"line":298,"column":0},"end":{"line":298,"column":16}},"298":{"start":{"line":299,"column":0},"end":{"line":299,"column":62}},"299":{"start":{"line":300,"column":0},"end":{"line":300,"column":3}},"300":{"start":{"line":301,"column":0},"end":{"line":301,"column":3}},"305":{"start":{"line":306,"column":0},"end":{"line":306,"column":41}},"306":{"start":{"line":307,"column":0},"end":{"line":307,"column":54}},"308":{"start":{"line":309,"column":0},"end":{"line":309,"column":55}},"309":{"start":{"line":310,"column":0},"end":{"line":310,"column":37}},"310":{"start":{"line":311,"column":0},"end":{"line":311,"column":46}},"311":{"start":{"line":312,"column":0},"end":{"line":312,"column":50}},"312":{"start":{"line":313,"column":0},"end":{"line":313,"column":4}},"313":{"start":{"line":314,"column":0},"end":{"line":314,"column":3}},"319":{"start":{"line":320,"column":0},"end":{"line":320,"column":37}},"320":{"start":{"line":321,"column":0},"end":{"line":321,"column":54}},"321":{"start":{"line":322,"column":0},"end":{"line":322,"column":75}},"322":{"start":{"line":323,"column":0},"end":{"line":323,"column":3}},"333":{"start":{"line":334,"column":0},"end":{"line":334,"column":61}},"334":{"start":{"line":335,"column":0},"end":{"line":335,"column":27}},"335":{"start":{"line":336,"column":0},"end":{"line":336,"column":69}},"336":{"start":{"line":337,"column":0},"end":{"line":337,"column":3}},"337":{"start":{"line":338,"column":0},"end":{"line":338,"column":8}},"342":{"start":{"line":343,"column":0},"end":{"line":343,"column":45}},"343":{"start":{"line":344,"column":0},"end":{"line":344,"column":50}},"344":{"start":{"line":345,"column":0},"end":{"line":345,"column":32}},"345":{"start":{"line":346,"column":0},"end":{"line":346,"column":33}},"346":{"start":{"line":347,"column":0},"end":{"line":347,"column":2}},"356":{"start":{"line":357,"column":0},"end":{"line":357,"column":28}},"357":{"start":{"line":358,"column":0},"end":{"line":358,"column":27}},"358":{"start":{"line":359,"column":0},"end":{"line":359,"column":44}},"359":{"start":{"line":360,"column":0},"end":{"line":360,"column":3}},"360":{"start":{"line":361,"column":0},"end":{"line":361,"column":2}},"365":{"start":{"line":366,"column":0},"end":{"line":366,"column":52}},"366":{"start":{"line":367,"column":0},"end":{"line":367,"column":17}},"367":{"start":{"line":368,"column":0},"end":{"line":368,"column":32}},"368":{"start":{"line":369,"column":0},"end":{"line":369,"column":34}},"369":{"start":{"line":370,"column":0},"end":{"line":370,"column":29}},"370":{"start":{"line":371,"column":0},"end":{"line":371,"column":28}},"371":{"start":{"line":372,"column":0},"end":{"line":372,"column":25}},"372":{"start":{"line":373,"column":0},"end":{"line":373,"column":3}},"373":{"start":{"line":374,"column":0},"end":{"line":374,"column":2}},"382":{"start":{"line":383,"column":0},"end":{"line":383,"column":63}},"383":{"start":{"line":384,"column":0},"end":{"line":384,"column":33}},"384":{"start":{"line":385,"column":0},"end":{"line":385,"column":55}},"385":{"start":{"line":386,"column":0},"end":{"line":386,"column":2}},"390":{"start":{"line":391,"column":0},"end":{"line":391,"column":65}},"391":{"start":{"line":392,"column":0},"end":{"line":392,"column":53}},"392":{"start":{"line":393,"column":0},"end":{"line":393,"column":34}},"395":{"start":{"line":396,"column":0},"end":{"line":396,"column":29}},"398":{"start":{"line":399,"column":0},"end":{"line":399,"column":54}},"401":{"start":{"line":402,"column":0},"end":{"line":402,"column":27}},"402":{"start":{"line":403,"column":0},"end":{"line":403,"column":82}},"403":{"start":{"line":404,"column":0},"end":{"line":404,"column":44}},"404":{"start":{"line":405,"column":0},"end":{"line":405,"column":3}},"405":{"start":{"line":406,"column":0},"end":{"line":406,"column":2}},"410":{"start":{"line":411,"column":0},"end":{"line":411,"column":49}},"411":{"start":{"line":412,"column":0},"end":{"line":412,"column":52}},"412":{"start":{"line":413,"column":0},"end":{"line":413,"column":2}},"417":{"start":{"line":418,"column":0},"end":{"line":418,"column":45}},"418":{"start":{"line":419,"column":0},"end":{"line":419,"column":27}},"419":{"start":{"line":420,"column":0},"end":{"line":420,"column":72}},"420":{"start":{"line":421,"column":0},"end":{"line":421,"column":16}},"421":{"start":{"line":422,"column":0},"end":{"line":422,"column":29}},"423":{"start":{"line":424,"column":0},"end":{"line":424,"column":22}},"424":{"start":{"line":425,"column":0},"end":{"line":425,"column":109}},"425":{"start":{"line":426,"column":0},"end":{"line":426,"column":21}},"426":{"start":{"line":427,"column":0},"end":{"line":427,"column":25}},"427":{"start":{"line":428,"column":0},"end":{"line":428,"column":37}},"428":{"start":{"line":429,"column":0},"end":{"line":429,"column":9}},"429":{"start":{"line":430,"column":0},"end":{"line":430,"column":9}},"430":{"start":{"line":431,"column":0},"end":{"line":431,"column":5}},"431":{"start":{"line":432,"column":0},"end":{"line":432,"column":3}},"432":{"start":{"line":433,"column":0},"end":{"line":433,"column":2}},"437":{"start":{"line":438,"column":0},"end":{"line":438,"column":44}},"438":{"start":{"line":439,"column":0},"end":{"line":439,"column":27}},"439":{"start":{"line":440,"column":0},"end":{"line":440,"column":72}},"440":{"start":{"line":441,"column":0},"end":{"line":441,"column":16}},"441":{"start":{"line":442,"column":0},"end":{"line":442,"column":30}},"442":{"start":{"line":443,"column":0},"end":{"line":443,"column":5}},"443":{"start":{"line":444,"column":0},"end":{"line":444,"column":3}},"444":{"start":{"line":445,"column":0},"end":{"line":445,"column":2}},"449":{"start":{"line":450,"column":0},"end":{"line":450,"column":48}},"450":{"start":{"line":451,"column":0},"end":{"line":451,"column":45}},"451":{"start":{"line":452,"column":0},"end":{"line":452,"column":97}},"452":{"start":{"line":453,"column":0},"end":{"line":453,"column":57}},"453":{"start":{"line":454,"column":0},"end":{"line":454,"column":18}},"454":{"start":{"line":455,"column":0},"end":{"line":455,"column":31}},"455":{"start":{"line":456,"column":0},"end":{"line":456,"column":5}},"456":{"start":{"line":457,"column":0},"end":{"line":457,"column":3}},"457":{"start":{"line":458,"column":0},"end":{"line":458,"column":2}},"462":{"start":{"line":463,"column":0},"end":{"line":463,"column":46}},"463":{"start":{"line":464,"column":0},"end":{"line":464,"column":54}},"464":{"start":{"line":465,"column":0},"end":{"line":465,"column":19}},"466":{"start":{"line":467,"column":0},"end":{"line":467,"column":36}},"469":{"start":{"line":470,"column":0},"end":{"line":470,"column":20}},"470":{"start":{"line":471,"column":0},"end":{"line":471,"column":82}},"471":{"start":{"line":472,"column":0},"end":{"line":472,"column":25}},"472":{"start":{"line":473,"column":0},"end":{"line":473,"column":77}},"474":{"start":{"line":475,"column":0},"end":{"line":475,"column":55}},"475":{"start":{"line":476,"column":0},"end":{"line":476,"column":26}},"476":{"start":{"line":477,"column":0},"end":{"line":477,"column":60}},"477":{"start":{"line":478,"column":0},"end":{"line":478,"column":17}},"478":{"start":{"line":479,"column":0},"end":{"line":479,"column":7}},"479":{"start":{"line":480,"column":0},"end":{"line":480,"column":7}},"480":{"start":{"line":481,"column":0},"end":{"line":481,"column":3}},"481":{"start":{"line":482,"column":0},"end":{"line":482,"column":2}},"486":{"start":{"line":487,"column":0},"end":{"line":487,"column":63}},"487":{"start":{"line":488,"column":0},"end":{"line":488,"column":33}},"488":{"start":{"line":489,"column":0},"end":{"line":489,"column":29}},"489":{"start":{"line":490,"column":0},"end":{"line":490,"column":21}},"490":{"start":{"line":491,"column":0},"end":{"line":491,"column":20}},"491":{"start":{"line":492,"column":0},"end":{"line":492,"column":4}},"492":{"start":{"line":493,"column":0},"end":{"line":493,"column":32}},"493":{"start":{"line":494,"column":0},"end":{"line":494,"column":2}},"498":{"start":{"line":499,"column":0},"end":{"line":499,"column":29}},"499":{"start":{"line":500,"column":0},"end":{"line":500,"column":33}},"500":{"start":{"line":501,"column":0},"end":{"line":501,"column":30}},"501":{"start":{"line":502,"column":0},"end":{"line":502,"column":2}},"506":{"start":{"line":507,"column":0},"end":{"line":507,"column":37}},"507":{"start":{"line":508,"column":0},"end":{"line":508,"column":29}},"508":{"start":{"line":509,"column":0},"end":{"line":509,"column":47}},"509":{"start":{"line":510,"column":0},"end":{"line":510,"column":3}},"510":{"start":{"line":511,"column":0},"end":{"line":511,"column":18}},"511":{"start":{"line":512,"column":0},"end":{"line":512,"column":2}},"516":{"start":{"line":517,"column":0},"end":{"line":517,"column":34}},"517":{"start":{"line":518,"column":0},"end":{"line":518,"column":29}},"518":{"start":{"line":519,"column":0},"end":{"line":519,"column":44}},"519":{"start":{"line":520,"column":0},"end":{"line":520,"column":3}},"520":{"start":{"line":521,"column":0},"end":{"line":521,"column":18}},"521":{"start":{"line":522,"column":0},"end":{"line":522,"column":2}},"526":{"start":{"line":527,"column":0},"end":{"line":527,"column":54}},"527":{"start":{"line":528,"column":0},"end":{"line":528,"column":29}},"528":{"start":{"line":529,"column":0},"end":{"line":529,"column":58}},"529":{"start":{"line":530,"column":0},"end":{"line":530,"column":3}},"530":{"start":{"line":531,"column":0},"end":{"line":531,"column":18}},"531":{"start":{"line":532,"column":0},"end":{"line":532,"column":2}},"536":{"start":{"line":537,"column":0},"end":{"line":537,"column":64}},"537":{"start":{"line":538,"column":0},"end":{"line":538,"column":33}},"538":{"start":{"line":539,"column":0},"end":{"line":539,"column":27}},"539":{"start":{"line":540,"column":0},"end":{"line":540,"column":46}},"540":{"start":{"line":541,"column":0},"end":{"line":541,"column":54}},"541":{"start":{"line":542,"column":0},"end":{"line":542,"column":3}},"542":{"start":{"line":543,"column":0},"end":{"line":543,"column":2}},"547":{"start":{"line":548,"column":0},"end":{"line":548,"column":46}},"548":{"start":{"line":549,"column":0},"end":{"line":549,"column":25}},"549":{"start":{"line":550,"column":0},"end":{"line":550,"column":27}},"550":{"start":{"line":551,"column":0},"end":{"line":551,"column":43}},"551":{"start":{"line":552,"column":0},"end":{"line":552,"column":3}},"552":{"start":{"line":553,"column":0},"end":{"line":553,"column":2}},"557":{"start":{"line":558,"column":0},"end":{"line":558,"column":65}},"558":{"start":{"line":559,"column":0},"end":{"line":559,"column":25}},"560":{"start":{"line":561,"column":0},"end":{"line":561,"column":93}},"562":{"start":{"line":563,"column":0},"end":{"line":563,"column":89}},"563":{"start":{"line":564,"column":0},"end":{"line":564,"column":29}},"565":{"start":{"line":566,"column":0},"end":{"line":566,"column":57}},"566":{"start":{"line":567,"column":0},"end":{"line":567,"column":5}},"567":{"start":{"line":568,"column":0},"end":{"line":568,"column":3}},"568":{"start":{"line":569,"column":0},"end":{"line":569,"column":2}},"573":{"start":{"line":574,"column":0},"end":{"line":574,"column":29}},"574":{"start":{"line":575,"column":0},"end":{"line":575,"column":30}},"575":{"start":{"line":576,"column":0},"end":{"line":576,"column":2}},"580":{"start":{"line":581,"column":0},"end":{"line":581,"column":66}},"581":{"start":{"line":582,"column":0},"end":{"line":582,"column":53}},"582":{"start":{"line":583,"column":0},"end":{"line":583,"column":31}},"583":{"start":{"line":584,"column":0},"end":{"line":584,"column":47}},"586":{"start":{"line":587,"column":0},"end":{"line":587,"column":47}},"587":{"start":{"line":588,"column":0},"end":{"line":588,"column":27}},"588":{"start":{"line":589,"column":0},"end":{"line":589,"column":27}},"589":{"start":{"line":590,"column":0},"end":{"line":590,"column":11}},"590":{"start":{"line":591,"column":0},"end":{"line":591,"column":3}},"593":{"start":{"line":594,"column":0},"end":{"line":594,"column":30}},"595":{"start":{"line":596,"column":0},"end":{"line":596,"column":38}},"596":{"start":{"line":597,"column":0},"end":{"line":597,"column":89}},"597":{"start":{"line":598,"column":0},"end":{"line":598,"column":54}},"600":{"start":{"line":601,"column":0},"end":{"line":601,"column":37}},"601":{"start":{"line":602,"column":0},"end":{"line":602,"column":29}},"602":{"start":{"line":603,"column":0},"end":{"line":603,"column":65}},"603":{"start":{"line":604,"column":0},"end":{"line":604,"column":13}},"604":{"start":{"line":605,"column":0},"end":{"line":605,"column":5}},"606":{"start":{"line":607,"column":0},"end":{"line":607,"column":38}},"607":{"start":{"line":608,"column":0},"end":{"line":608,"column":29}},"608":{"start":{"line":609,"column":0},"end":{"line":609,"column":66}},"609":{"start":{"line":610,"column":0},"end":{"line":610,"column":13}},"610":{"start":{"line":611,"column":0},"end":{"line":611,"column":5}},"612":{"start":{"line":613,"column":0},"end":{"line":613,"column":39}},"613":{"start":{"line":614,"column":0},"end":{"line":614,"column":29}},"614":{"start":{"line":615,"column":0},"end":{"line":615,"column":67}},"615":{"start":{"line":616,"column":0},"end":{"line":616,"column":13}},"616":{"start":{"line":617,"column":0},"end":{"line":617,"column":5}},"618":{"start":{"line":619,"column":0},"end":{"line":619,"column":67}},"619":{"start":{"line":620,"column":0},"end":{"line":620,"column":29}},"620":{"start":{"line":621,"column":0},"end":{"line":621,"column":62}},"621":{"start":{"line":622,"column":0},"end":{"line":622,"column":13}},"622":{"start":{"line":623,"column":0},"end":{"line":623,"column":5}},"624":{"start":{"line":625,"column":0},"end":{"line":625,"column":39}},"625":{"start":{"line":626,"column":0},"end":{"line":626,"column":29}},"626":{"start":{"line":627,"column":0},"end":{"line":627,"column":60}},"627":{"start":{"line":628,"column":0},"end":{"line":628,"column":13}},"628":{"start":{"line":629,"column":0},"end":{"line":629,"column":5}},"631":{"start":{"line":632,"column":0},"end":{"line":632,"column":44}},"632":{"start":{"line":633,"column":0},"end":{"line":633,"column":118}},"633":{"start":{"line":634,"column":0},"end":{"line":634,"column":29}},"634":{"start":{"line":635,"column":0},"end":{"line":635,"column":35}},"635":{"start":{"line":636,"column":0},"end":{"line":636,"column":13}},"636":{"start":{"line":637,"column":0},"end":{"line":637,"column":5}},"637":{"start":{"line":638,"column":0},"end":{"line":638,"column":3}},"640":{"start":{"line":641,"column":0},"end":{"line":641,"column":50}},"641":{"start":{"line":642,"column":0},"end":{"line":642,"column":27}},"642":{"start":{"line":643,"column":0},"end":{"line":643,"column":37}},"643":{"start":{"line":644,"column":0},"end":{"line":644,"column":11}},"644":{"start":{"line":645,"column":0},"end":{"line":645,"column":3}},"647":{"start":{"line":648,"column":0},"end":{"line":648,"column":28}},"648":{"start":{"line":649,"column":0},"end":{"line":649,"column":27}},"649":{"start":{"line":650,"column":0},"end":{"line":650,"column":40}},"650":{"start":{"line":651,"column":0},"end":{"line":651,"column":36}},"652":{"start":{"line":653,"column":0},"end":{"line":653,"column":25}},"654":{"start":{"line":655,"column":0},"end":{"line":655,"column":55}},"655":{"start":{"line":656,"column":0},"end":{"line":656,"column":49}},"656":{"start":{"line":657,"column":0},"end":{"line":657,"column":40}},"657":{"start":{"line":658,"column":0},"end":{"line":658,"column":63}},"658":{"start":{"line":659,"column":0},"end":{"line":659,"column":55}},"659":{"start":{"line":660,"column":0},"end":{"line":660,"column":7}},"660":{"start":{"line":661,"column":0},"end":{"line":661,"column":12}},"662":{"start":{"line":663,"column":0},"end":{"line":663,"column":81}},"663":{"start":{"line":664,"column":0},"end":{"line":664,"column":53}},"664":{"start":{"line":665,"column":0},"end":{"line":665,"column":5}},"667":{"start":{"line":668,"column":0},"end":{"line":668,"column":53}},"668":{"start":{"line":669,"column":0},"end":{"line":669,"column":3}},"669":{"start":{"line":670,"column":0},"end":{"line":670,"column":2}},"674":{"start":{"line":675,"column":0},"end":{"line":675,"column":107}},"675":{"start":{"line":676,"column":0},"end":{"line":676,"column":43}},"678":{"start":{"line":679,"column":0},"end":{"line":679,"column":27}},"679":{"start":{"line":680,"column":0},"end":{"line":680,"column":72}},"680":{"start":{"line":681,"column":0},"end":{"line":681,"column":16}},"681":{"start":{"line":682,"column":0},"end":{"line":682,"column":33}},"682":{"start":{"line":683,"column":0},"end":{"line":683,"column":58}},"685":{"start":{"line":686,"column":0},"end":{"line":686,"column":22}},"686":{"start":{"line":687,"column":0},"end":{"line":687,"column":109}},"687":{"start":{"line":688,"column":0},"end":{"line":688,"column":21}},"688":{"start":{"line":689,"column":0},"end":{"line":689,"column":25}},"689":{"start":{"line":690,"column":0},"end":{"line":690,"column":73}},"690":{"start":{"line":691,"column":0},"end":{"line":691,"column":9}},"691":{"start":{"line":692,"column":0},"end":{"line":692,"column":9}},"692":{"start":{"line":693,"column":0},"end":{"line":693,"column":5}},"693":{"start":{"line":694,"column":0},"end":{"line":694,"column":3}},"694":{"start":{"line":695,"column":0},"end":{"line":695,"column":2}},"699":{"start":{"line":700,"column":0},"end":{"line":700,"column":75}},"700":{"start":{"line":701,"column":0},"end":{"line":701,"column":37}},"701":{"start":{"line":702,"column":0},"end":{"line":702,"column":31}},"704":{"start":{"line":705,"column":0},"end":{"line":705,"column":46}},"705":{"start":{"line":706,"column":0},"end":{"line":706,"column":31}},"706":{"start":{"line":707,"column":0},"end":{"line":707,"column":17}},"707":{"start":{"line":708,"column":0},"end":{"line":708,"column":22}},"708":{"start":{"line":709,"column":0},"end":{"line":709,"column":4}},"710":{"start":{"line":711,"column":0},"end":{"line":711,"column":34}},"713":{"start":{"line":714,"column":0},"end":{"line":714,"column":18}},"714":{"start":{"line":715,"column":0},"end":{"line":715,"column":79}},"715":{"start":{"line":716,"column":0},"end":{"line":716,"column":16}},"716":{"start":{"line":717,"column":0},"end":{"line":717,"column":20}},"717":{"start":{"line":718,"column":0},"end":{"line":718,"column":5}},"718":{"start":{"line":719,"column":0},"end":{"line":719,"column":5}},"719":{"start":{"line":720,"column":0},"end":{"line":720,"column":2}},"724":{"start":{"line":725,"column":0},"end":{"line":725,"column":31}},"725":{"start":{"line":726,"column":0},"end":{"line":726,"column":35}},"726":{"start":{"line":727,"column":0},"end":{"line":727,"column":34}},"727":{"start":{"line":728,"column":0},"end":{"line":728,"column":31}},"728":{"start":{"line":729,"column":0},"end":{"line":729,"column":2}},"733":{"start":{"line":734,"column":0},"end":{"line":734,"column":42}},"734":{"start":{"line":735,"column":0},"end":{"line":735,"column":19}},"735":{"start":{"line":736,"column":0},"end":{"line":736,"column":20}},"736":{"start":{"line":737,"column":0},"end":{"line":737,"column":2}},"741":{"start":{"line":742,"column":0},"end":{"line":742,"column":56}},"742":{"start":{"line":743,"column":0},"end":{"line":743,"column":31}},"743":{"start":{"line":744,"column":0},"end":{"line":744,"column":27}},"744":{"start":{"line":745,"column":0},"end":{"line":745,"column":22}},"745":{"start":{"line":746,"column":0},"end":{"line":746,"column":37}},"746":{"start":{"line":747,"column":0},"end":{"line":747,"column":27}},"747":{"start":{"line":748,"column":0},"end":{"line":748,"column":44}},"748":{"start":{"line":749,"column":0},"end":{"line":749,"column":30}},"749":{"start":{"line":750,"column":0},"end":{"line":750,"column":34}},"750":{"start":{"line":751,"column":0},"end":{"line":751,"column":5}},"751":{"start":{"line":752,"column":0},"end":{"line":752,"column":3}},"752":{"start":{"line":753,"column":0},"end":{"line":753,"column":2}},"757":{"start":{"line":758,"column":0},"end":{"line":758,"column":47}},"758":{"start":{"line":759,"column":0},"end":{"line":759,"column":33}},"759":{"start":{"line":760,"column":0},"end":{"line":760,"column":2}},"764":{"start":{"line":765,"column":0},"end":{"line":765,"column":30}},"765":{"start":{"line":766,"column":0},"end":{"line":766,"column":45}},"766":{"start":{"line":767,"column":0},"end":{"line":767,"column":16}},"767":{"start":{"line":768,"column":0},"end":{"line":768,"column":21}},"768":{"start":{"line":769,"column":0},"end":{"line":769,"column":10}},"769":{"start":{"line":770,"column":0},"end":{"line":770,"column":21}},"770":{"start":{"line":771,"column":0},"end":{"line":771,"column":3}},"771":{"start":{"line":772,"column":0},"end":{"line":772,"column":2}},"776":{"start":{"line":777,"column":0},"end":{"line":777,"column":32}},"777":{"start":{"line":778,"column":0},"end":{"line":778,"column":7}},"778":{"start":{"line":779,"column":0},"end":{"line":779,"column":36}},"779":{"start":{"line":780,"column":0},"end":{"line":780,"column":64}},"780":{"start":{"line":781,"column":0},"end":{"line":781,"column":42}},"782":{"start":{"line":783,"column":0},"end":{"line":783,"column":42}},"783":{"start":{"line":784,"column":0},"end":{"line":784,"column":17}},"784":{"start":{"line":785,"column":0},"end":{"line":785,"column":80}},"785":{"start":{"line":786,"column":0},"end":{"line":786,"column":33}},"786":{"start":{"line":787,"column":0},"end":{"line":787,"column":14}},"787":{"start":{"line":788,"column":0},"end":{"line":788,"column":33}},"788":{"start":{"line":789,"column":0},"end":{"line":789,"column":29}},"790":{"start":{"line":791,"column":0},"end":{"line":791,"column":21}},"791":{"start":{"line":792,"column":0},"end":{"line":792,"column":19}},"792":{"start":{"line":793,"column":0},"end":{"line":793,"column":34}},"793":{"start":{"line":794,"column":0},"end":{"line":794,"column":21}},"794":{"start":{"line":795,"column":0},"end":{"line":795,"column":3}},"795":{"start":{"line":796,"column":0},"end":{"line":796,"column":2}},"800":{"start":{"line":801,"column":0},"end":{"line":801,"column":29}},"801":{"start":{"line":802,"column":0},"end":{"line":802,"column":27}},"802":{"start":{"line":803,"column":0},"end":{"line":803,"column":2}},"807":{"start":{"line":808,"column":0},"end":{"line":808,"column":44}},"808":{"start":{"line":809,"column":0},"end":{"line":809,"column":50}},"809":{"start":{"line":810,"column":0},"end":{"line":810,"column":33}},"811":{"start":{"line":812,"column":0},"end":{"line":812,"column":13}},"812":{"start":{"line":813,"column":0},"end":{"line":813,"column":36}},"813":{"start":{"line":814,"column":0},"end":{"line":814,"column":28}},"814":{"start":{"line":815,"column":0},"end":{"line":815,"column":11}},"815":{"start":{"line":816,"column":0},"end":{"line":816,"column":51}},"816":{"start":{"line":817,"column":0},"end":{"line":817,"column":50}},"818":{"start":{"line":819,"column":0},"end":{"line":819,"column":22}},"819":{"start":{"line":820,"column":0},"end":{"line":820,"column":27}},"820":{"start":{"line":821,"column":0},"end":{"line":821,"column":38}},"821":{"start":{"line":822,"column":0},"end":{"line":822,"column":16}},"822":{"start":{"line":823,"column":0},"end":{"line":823,"column":33}},"823":{"start":{"line":824,"column":0},"end":{"line":824,"column":9}},"824":{"start":{"line":825,"column":0},"end":{"line":825,"column":23}},"825":{"start":{"line":826,"column":0},"end":{"line":826,"column":38}},"826":{"start":{"line":827,"column":0},"end":{"line":827,"column":25}},"827":{"start":{"line":828,"column":0},"end":{"line":828,"column":7}},"828":{"start":{"line":829,"column":0},"end":{"line":829,"column":6}},"829":{"start":{"line":830,"column":0},"end":{"line":830,"column":28}},"830":{"start":{"line":831,"column":0},"end":{"line":831,"column":3}},"833":{"start":{"line":834,"column":0},"end":{"line":834,"column":20}},"834":{"start":{"line":835,"column":0},"end":{"line":835,"column":2}},"839":{"start":{"line":840,"column":0},"end":{"line":840,"column":43}},"840":{"start":{"line":841,"column":0},"end":{"line":841,"column":23}},"841":{"start":{"line":842,"column":0},"end":{"line":842,"column":43}},"842":{"start":{"line":843,"column":0},"end":{"line":843,"column":20}},"843":{"start":{"line":844,"column":0},"end":{"line":844,"column":21}},"844":{"start":{"line":845,"column":0},"end":{"line":845,"column":19}},"845":{"start":{"line":846,"column":0},"end":{"line":846,"column":20}},"846":{"start":{"line":847,"column":0},"end":{"line":847,"column":22}},"847":{"start":{"line":848,"column":0},"end":{"line":848,"column":21}},"848":{"start":{"line":849,"column":0},"end":{"line":849,"column":28}},"849":{"start":{"line":850,"column":0},"end":{"line":850,"column":2}},"854":{"start":{"line":855,"column":0},"end":{"line":855,"column":27}},"855":{"start":{"line":856,"column":0},"end":{"line":856,"column":27}},"856":{"start":{"line":857,"column":0},"end":{"line":857,"column":76}},"857":{"start":{"line":858,"column":0},"end":{"line":858,"column":19}},"859":{"start":{"line":860,"column":0},"end":{"line":860,"column":22}},"860":{"start":{"line":861,"column":0},"end":{"line":861,"column":111}},"861":{"start":{"line":862,"column":0},"end":{"line":862,"column":27}},"862":{"start":{"line":863,"column":0},"end":{"line":863,"column":48}},"863":{"start":{"line":864,"column":0},"end":{"line":864,"column":9}},"864":{"start":{"line":865,"column":0},"end":{"line":865,"column":9}},"865":{"start":{"line":866,"column":0},"end":{"line":866,"column":5}},"866":{"start":{"line":867,"column":0},"end":{"line":867,"column":3}},"867":{"start":{"line":868,"column":0},"end":{"line":868,"column":2}},"872":{"start":{"line":873,"column":0},"end":{"line":873,"column":50}},"873":{"start":{"line":874,"column":0},"end":{"line":874,"column":27}},"874":{"start":{"line":875,"column":0},"end":{"line":875,"column":89}},"875":{"start":{"line":876,"column":0},"end":{"line":876,"column":35}},"876":{"start":{"line":877,"column":0},"end":{"line":877,"column":101}},"877":{"start":{"line":878,"column":0},"end":{"line":878,"column":21}},"879":{"start":{"line":880,"column":0},"end":{"line":880,"column":31}},"882":{"start":{"line":883,"column":0},"end":{"line":883,"column":24}},"883":{"start":{"line":884,"column":0},"end":{"line":884,"column":113}},"884":{"start":{"line":885,"column":0},"end":{"line":885,"column":29}},"885":{"start":{"line":886,"column":0},"end":{"line":886,"column":50}},"886":{"start":{"line":887,"column":0},"end":{"line":887,"column":11}},"887":{"start":{"line":888,"column":0},"end":{"line":888,"column":11}},"888":{"start":{"line":889,"column":0},"end":{"line":889,"column":7}},"889":{"start":{"line":890,"column":0},"end":{"line":890,"column":5}},"890":{"start":{"line":891,"column":0},"end":{"line":891,"column":3}},"891":{"start":{"line":892,"column":0},"end":{"line":892,"column":2}}},"s":{"1":0,"2":0,"3":0,"4":0,"5":0,"6":0,"7":0,"8":0,"9":0,"10":0,"11":0,"12":0,"19":0,"20":0,"21":0,"22":0,"23":0,"25":0,"26":0,"28":0,"29":0,"30":0,"31":0,"32":0,"34":0,"35":0,"37":0,"38":0,"40":0,"41":0,"42":0,"43":0,"44":0,"45":0,"46":0,"47":0,"48":0,"49":0,"50":0,"51":0,"52":0,"53":0,"54":0,"55":0,"56":0,"57":0,"58":0,"59":0,"61":0,"62":0,"63":0,"64":0,"65":0,"66":0,"67":0,"68":0,"69":0,"78":0,"79":0,"80":0,"81":0,"82":0,"83":0,"84":0,"86":0,"87":0,"88":0,"89":0,"90":0,"94":0,"95":0,"96":0,"98":0,"99":0,"100":0,"101":0,"103":0,"104":0,"105":0,"106":0,"107":0,"108":0,"109":0,"110":0,"111":0,"112":0,"114":0,"115":0,"117":0,"118":0,"119":0,"120":0,"121":0,"122":0,"123":0,"124":0,"125":0,"126":0,"127":0,"128":0,"129":0,"130":0,"132":0,"133":0,"134":0,"135":0,"136":0,"137":0,"138":0,"139":0,"140":0,"143":0,"145":0,"146":0,"147":0,"148":0,"149":0,"150":0,"152":0,"153":0,"154":0,"155":0,"156":0,"157":0,"158":0,"159":0,"160":0,"161":0,"162":0,"163":0,"164":0,"165":0,"166":0,"167":0,"168":0,"169":0,"170":0,"171":0,"172":0,"173":0,"174":0,"175":0,"176":0,"177":0,"179":0,"180":0,"181":0,"182":0,"183":0,"184":0,"186":0,"187":0,"188":0,"189":0,"190":0,"191":0,"193":0,"194":0,"195":0,"196":0,"197":0,"198":0,"199":0,"200":0,"201":0,"202":0,"203":0,"204":0,"205":0,"206":0,"207":0,"209":0,"210":0,"211":0,"212":0,"213":0,"214":0,"215":0,"216":0,"218":0,"219":0,"220":0,"221":0,"222":0,"223":0,"224":0,"228":0,"229":0,"230":0,"231":0,"233":0,"234":0,"236":0,"239":0,"240":0,"241":0,"244":0,"247":0,"248":0,"249":0,"250":0,"253":0,"254":0,"257":0,"258":0,"259":0,"260":0,"261":0,"262":0,"263":0,"264":0,"265":0,"266":0,"267":0,"268":0,"269":0,"270":0,"271":0,"272":0,"273":0,"274":0,"275":0,"276":0,"277":0,"278":0,"279":0,"280":0,"281":0,"282":0,"283":0,"284":0,"285":0,"286":0,"287":0,"288":0,"289":0,"290":0,"291":0,"292":0,"293":0,"294":0,"295":0,"296":0,"297":0,"298":0,"299":0,"300":0,"305":0,"306":0,"308":0,"309":0,"310":0,"311":0,"312":0,"313":0,"319":0,"320":0,"321":0,"322":0,"333":0,"334":0,"335":0,"336":0,"337":0,"342":0,"343":0,"344":0,"345":0,"346":0,"356":0,"357":0,"358":0,"359":0,"360":0,"365":0,"366":0,"367":0,"368":0,"369":0,"370":0,"371":0,"372":0,"373":0,"382":0,"383":0,"384":0,"385":0,"390":0,"391":0,"392":0,"395":0,"398":0,"401":0,"402":0,"403":0,"404":0,"405":0,"410":0,"411":0,"412":0,"417":0,"418":0,"419":0,"420":0,"421":0,"423":0,"424":0,"425":0,"426":0,"427":0,"428":0,"429":0,"430":0,"431":0,"432":0,"437":0,"438":0,"439":0,"440":0,"441":0,"442":0,"443":0,"444":0,"449":0,"450":0,"451":0,"452":0,"453":0,"454":0,"455":0,"456":0,"457":0,"462":0,"463":0,"464":0,"466":0,"469":0,"470":0,"471":0,"472":0,"474":0,"475":0,"476":0,"477":0,"478":0,"479":0,"480":0,"481":0,"486":0,"487":0,"488":0,"489":0,"490":0,"491":0,"492":0,"493":0,"498":0,"499":0,"500":0,"501":0,"506":0,"507":0,"508":0,"509":0,"510":0,"511":0,"516":0,"517":0,"518":0,"519":0,"520":0,"521":0,"526":0,"527":0,"528":0,"529":0,"530":0,"531":0,"536":0,"537":0,"538":0,"539":0,"540":0,"541":0,"542":0,"547":0,"548":0,"549":0,"550":0,"551":0,"552":0,"557":0,"558":0,"560":0,"562":0,"563":0,"565":0,"566":0,"567":0,"568":0,"573":0,"574":0,"575":0,"580":0,"581":0,"582":0,"583":0,"586":0,"587":0,"588":0,"589":0,"590":0,"593":0,"595":0,"596":0,"597":0,"600":0,"601":0,"602":0,"603":0,"604":0,"606":0,"607":0,"608":0,"609":0,"610":0,"612":0,"613":0,"614":0,"615":0,"616":0,"618":0,"619":0,"620":0,"621":0,"622":0,"624":0,"625":0,"626":0,"627":0,"628":0,"631":0,"632":0,"633":0,"634":0,"635":0,"636":0,"637":0,"640":0,"641":0,"642":0,"643":0,"644":0,"647":0,"648":0,"649":0,"650":0,"652":0,"654":0,"655":0,"656":0,"657":0,"658":0,"659":0,"660":0,"662":0,"663":0,"664":0,"667":0,"668":0,"669":0,"674":0,"675":0,"678":0,"679":0,"680":0,"681":0,"682":0,"685":0,"686":0,"687":0,"688":0,"689":0,"690":0,"691":0,"692":0,"693":0,"694":0,"699":0,"700":0,"701":0,"704":0,"705":0,"706":0,"707":0,"708":0,"710":0,"713":0,"714":0,"715":0,"716":0,"717":0,"718":0,"719":0,"724":0,"725":0,"726":0,"727":0,"728":0,"733":0,"734":0,"735":0,"736":0,"741":0,"742":0,"743":0,"744":0,"745":0,"746":0,"747":0,"748":0,"749":0,"750":0,"751":0,"752":0,"757":0,"758":0,"759":0,"764":0,"765":0,"766":0,"767":0,"768":0,"769":0,"770":0,"771":0,"776":0,"777":0,"778":0,"779":0,"780":0,"782":0,"783":0,"784":0,"785":0,"786":0,"787":0,"788":0,"790":0,"791":0,"792":0,"793":0,"794":0,"795":0,"800":0,"801":0,"802":0,"807":0,"808":0,"809":0,"811":0,"812":0,"813":0,"814":0,"815":0,"816":0,"818":0,"819":0,"820":0,"821":0,"822":0,"823":0,"824":0,"825":0,"826":0,"827":0,"828":0,"829":0,"830":0,"833":0,"834":0,"839":0,"840":0,"841":0,"842":0,"843":0,"844":0,"845":0,"846":0,"847":0,"848":0,"849":0,"854":0,"855":0,"856":0,"857":0,"859":0,"860":0,"861":0,"862":0,"863":0,"864":0,"865":0,"866":0,"867":0,"872":0,"873":0,"874":0,"875":0,"876":0,"877":0,"879":0,"882":0,"883":0,"884":0,"885":0,"886":0,"887":0,"888":0,"889":0,"890":0,"891":0},"branchMap":{"0":{"type":"branch","line":1,"loc":{"start":{"line":1,"column":32972},"end":{"line":1516,"column":8}},"locations":[{"start":{"line":1,"column":32972},"end":{"line":1516,"column":8}}]}},"b":{"0":[1]},"fnMap":{"0":{"name":"(empty-report)","decl":{"start":{"line":1,"column":32972},"end":{"line":1516,"column":8}},"loc":{"start":{"line":1,"column":32972},"end":{"line":1516,"column":8}},"line":1}},"f":{"0":1}}
,"/Users/uvu/YunYan/src/router/index.ts": {"path":"/Users/uvu/YunYan/src/router/index.ts","all":true,"statementMap":{"0":{"start":{"line":1,"column":0},"end":{"line":1,"column":60}},"2":{"start":{"line":3,"column":0},"end":{"line":3,"column":16}},"3":{"start":{"line":4,"column":0},"end":{"line":4,"column":3}},"4":{"start":{"line":5,"column":0},"end":{"line":5,"column":14}},"5":{"start":{"line":6,"column":0},"end":{"line":6,"column":17}},"7":{"start":{"line":8,"column":0},"end":{"line":8,"column":52}},"8":{"start":{"line":9,"column":0},"end":{"line":9,"column":4}},"9":{"start":{"line":10,"column":0},"end":{"line":10,"column":3}},"10":{"start":{"line":11,"column":0},"end":{"line":11,"column":20}},"11":{"start":{"line":12,"column":0},"end":{"line":12,"column":19}},"12":{"start":{"line":13,"column":0},"end":{"line":13,"column":62}},"13":{"start":{"line":14,"column":0},"end":{"line":14,"column":4}},"14":{"start":{"line":15,"column":0},"end":{"line":15,"column":2}},"16":{"start":{"line":17,"column":0},"end":{"line":17,"column":29}},"17":{"start":{"line":18,"column":0},"end":{"line":18,"column":30}},"18":{"start":{"line":19,"column":0},"end":{"line":19,"column":9}},"19":{"start":{"line":20,"column":0},"end":{"line":20,"column":3}},"21":{"start":{"line":22,"column":0},"end":{"line":22,"column":22}}},"s":{"0":0,"2":0,"3":0,"4":0,"5":0,"7":0,"8":0,"9":0,"10":0,"11":0,"12":0,"13":0,"14":0,"16":0,"17":0,"18":0,"19":0,"21":0},"branchMap":{"0":{"type":"branch","line":1,"loc":{"start":{"line":1,"column":456},"end":{"line":22,"column":22}},"locations":[{"start":{"line":1,"column":456},"end":{"line":22,"column":22}}]}},"b":{"0":[0]},"fnMap":{"0":{"name":"(empty-report)","decl":{"start":{"line":1,"column":456},"end":{"line":22,"column":22}},"loc":{"start":{"line":1,"column":456},"end":{"line":22,"column":22}},"line":1}},"f":{"0":0}}
,"/Users/uvu/YunYan/src/store/canvas.ts": {"path":"/Users/uvu/YunYan/src/store/canvas.ts","all":false,"statementMap":{"0":{"start":{"line":1,"column":0},"end":{"line":1,"column":36}},"1":{"start":{"line":2,"column":0},"end":{"line":2,"column":36}},"4":{"start":{"line":5,"column":0},"end":{"line":5,"column":33}},"5":{"start":{"line":6,"column":0},"end":{"line":6,"column":78}},"6":{"start":{"line":7,"column":0},"end":{"line":7,"column":37}},"7":{"start":{"line":8,"column":0},"end":{"line":8,"column":46}},"8":{"start":{"line":9,"column":0},"end":{"line":9,"column":26}},"9":{"start":{"line":10,"column":0},"end":{"line":10,"column":5}},"10":{"start":{"line":11,"column":0},"end":{"line":11,"column":1}},"13":{"start":{"line":14,"column":0},"end":{"line":14,"column":21}},"14":{"start":{"line":15,"column":0},"end":{"line":15,"column":22}},"15":{"start":{"line":16,"column":0},"end":{"line":16,"column":23}},"16":{"start":{"line":17,"column":0},"end":{"line":17,"column":34}},"17":{"start":{"line":18,"column":0},"end":{"line":18,"column":10}},"18":{"start":{"line":19,"column":0},"end":{"line":19,"column":25}},"19":{"start":{"line":20,"column":0},"end":{"line":20,"column":10}},"20":{"start":{"line":21,"column":0},"end":{"line":21,"column":23}},"21":{"start":{"line":22,"column":0},"end":{"line":22,"column":9}},"22":{"start":{"line":23,"column":0},"end":{"line":23,"column":12}},"23":{"start":{"line":24,"column":0},"end":{"line":24,"column":15}},"24":{"start":{"line":25,"column":0},"end":{"line":25,"column":19}},"25":{"start":{"line":26,"column":0},"end":{"line":26,"column":18}},"26":{"start":{"line":27,"column":0},"end":{"line":27,"column":17}},"27":{"start":{"line":28,"column":0},"end":{"line":28,"column":17}},"28":{"start":{"line":29,"column":0},"end":{"line":29,"column":14}},"29":{"start":{"line":30,"column":0},"end":{"line":30,"column":4}},"30":{"start":{"line":31,"column":0},"end":{"line":31,"column":1}},"69":{"start":{"line":70,"column":0},"end":{"line":70,"column":87}},"70":{"start":{"line":71,"column":0},"end":{"line":71,"column":38}},"71":{"start":{"line":72,"column":0},"end":{"line":72,"column":19}},"72":{"start":{"line":73,"column":0},"end":{"line":73,"column":19}},"73":{"start":{"line":74,"column":0},"end":{"line":74,"column":19}},"74":{"start":{"line":75,"column":0},"end":{"line":75,"column":18}},"75":{"start":{"line":76,"column":0},"end":{"line":76,"column":4}},"76":{"start":{"line":77,"column":0},"end":{"line":77,"column":38}},"77":{"start":{"line":78,"column":0},"end":{"line":78,"column":19}},"78":{"start":{"line":79,"column":0},"end":{"line":79,"column":19}},"79":{"start":{"line":80,"column":0},"end":{"line":80,"column":19}},"80":{"start":{"line":81,"column":0},"end":{"line":81,"column":18}},"81":{"start":{"line":82,"column":0},"end":{"line":82,"column":3}},"82":{"start":{"line":83,"column":0},"end":{"line":83,"column":2}},"84":{"start":{"line":85,"column":0},"end":{"line":85,"column":59}},"85":{"start":{"line":86,"column":0},"end":{"line":86,"column":37}},"86":{"start":{"line":87,"column":0},"end":{"line":87,"column":49}},"87":{"start":{"line":88,"column":0},"end":{"line":88,"column":50}},"88":{"start":{"line":89,"column":0},"end":{"line":89,"column":60}},"89":{"start":{"line":90,"column":0},"end":{"line":90,"column":21}},"92":{"start":{"line":93,"column":0},"end":{"line":93,"column":34}},"93":{"start":{"line":94,"column":0},"end":{"line":94,"column":46}},"94":{"start":{"line":95,"column":0},"end":{"line":95,"column":60}},"99":{"start":{"line":100,"column":0},"end":{"line":100,"column":29}},"102":{"start":{"line":103,"column":0},"end":{"line":103,"column":3}},"105":{"start":{"line":106,"column":0},"end":{"line":106,"column":25}},"107":{"start":{"line":108,"column":0},"end":{"line":108,"column":27}},"110":{"start":{"line":111,"column":0},"end":{"line":111,"column":25}},"111":{"start":{"line":112,"column":0},"end":{"line":112,"column":3}},"116":{"start":{"line":117,"column":0},"end":{"line":117,"column":60}},"117":{"start":{"line":118,"column":0},"end":{"line":118,"column":36}},"119":{"start":{"line":120,"column":0},"end":{"line":120,"column":47}},"121":{"start":{"line":122,"column":0},"end":{"line":122,"column":45}},"123":{"start":{"line":124,"column":0},"end":{"line":124,"column":14}},"124":{"start":{"line":125,"column":0},"end":{"line":125,"column":61}},"125":{"start":{"line":126,"column":0},"end":{"line":126,"column":32}},"126":{"start":{"line":127,"column":0},"end":{"line":127,"column":5}},"127":{"start":{"line":128,"column":0},"end":{"line":128,"column":60}},"128":{"start":{"line":129,"column":0},"end":{"line":129,"column":32}},"129":{"start":{"line":130,"column":0},"end":{"line":130,"column":5}},"131":{"start":{"line":132,"column":0},"end":{"line":132,"column":22}},"132":{"start":{"line":133,"column":0},"end":{"line":133,"column":3}},"137":{"start":{"line":138,"column":0},"end":{"line":138,"column":65}},"138":{"start":{"line":139,"column":0},"end":{"line":139,"column":27}},"141":{"start":{"line":142,"column":0},"end":{"line":142,"column":23}},"142":{"start":{"line":143,"column":0},"end":{"line":143,"column":29}},"143":{"start":{"line":144,"column":0},"end":{"line":144,"column":28}},"144":{"start":{"line":145,"column":0},"end":{"line":145,"column":28}},"145":{"start":{"line":146,"column":0},"end":{"line":146,"column":30}},"146":{"start":{"line":147,"column":0},"end":{"line":147,"column":30}},"149":{"start":{"line":150,"column":0},"end":{"line":150,"column":74}},"150":{"start":{"line":151,"column":0},"end":{"line":151,"column":49}},"151":{"start":{"line":152,"column":0},"end":{"line":152,"column":78}},"152":{"start":{"line":153,"column":0},"end":{"line":153,"column":129}},"153":{"start":{"line":154,"column":0},"end":{"line":154,"column":7}},"156":{"start":{"line":157,"column":0},"end":{"line":157,"column":73}},"157":{"start":{"line":158,"column":0},"end":{"line":158,"column":49}},"158":{"start":{"line":159,"column":0},"end":{"line":159,"column":78}},"159":{"start":{"line":160,"column":0},"end":{"line":160,"column":125}},"160":{"start":{"line":161,"column":0},"end":{"line":161,"column":7}},"163":{"start":{"line":164,"column":0},"end":{"line":164,"column":47}},"165":{"start":{"line":166,"column":0},"end":{"line":166,"column":20}},"166":{"start":{"line":167,"column":0},"end":{"line":167,"column":3}},"171":{"start":{"line":172,"column":0},"end":{"line":172,"column":57}},"172":{"start":{"line":173,"column":0},"end":{"line":173,"column":31}},"173":{"start":{"line":174,"column":0},"end":{"line":174,"column":60}},"174":{"start":{"line":175,"column":0},"end":{"line":175,"column":30}},"175":{"start":{"line":176,"column":0},"end":{"line":176,"column":5}},"176":{"start":{"line":177,"column":0},"end":{"line":177,"column":16}},"177":{"start":{"line":178,"column":0},"end":{"line":178,"column":3}},"182":{"start":{"line":183,"column":0},"end":{"line":183,"column":55}},"183":{"start":{"line":184,"column":0},"end":{"line":184,"column":41}},"184":{"start":{"line":185,"column":0},"end":{"line":185,"column":45}},"185":{"start":{"line":186,"column":0},"end":{"line":186,"column":44}},"186":{"start":{"line":187,"column":0},"end":{"line":187,"column":3}},"191":{"start":{"line":192,"column":0},"end":{"line":192,"column":80}},"193":{"start":{"line":194,"column":0},"end":{"line":194,"column":28}},"195":{"start":{"line":196,"column":0},"end":{"line":196,"column":41}},"197":{"start":{"line":198,"column":0},"end":{"line":198,"column":42}},"200":{"start":{"line":201,"column":0},"end":{"line":201,"column":42}},"201":{"start":{"line":202,"column":0},"end":{"line":202,"column":60}},"202":{"start":{"line":203,"column":0},"end":{"line":203,"column":71}},"205":{"start":{"line":206,"column":0},"end":{"line":206,"column":53}},"206":{"start":{"line":207,"column":0},"end":{"line":207,"column":42}},"209":{"start":{"line":210,"column":0},"end":{"line":210,"column":24}},"210":{"start":{"line":211,"column":0},"end":{"line":211,"column":25}},"211":{"start":{"line":212,"column":0},"end":{"line":212,"column":25}},"212":{"start":{"line":213,"column":0},"end":{"line":213,"column":26}},"214":{"start":{"line":215,"column":0},"end":{"line":215,"column":73}},"215":{"start":{"line":216,"column":0},"end":{"line":216,"column":77}},"217":{"start":{"line":218,"column":0},"end":{"line":218,"column":29}},"218":{"start":{"line":219,"column":0},"end":{"line":219,"column":3}},"223":{"start":{"line":224,"column":0},"end":{"line":224,"column":59}},"224":{"start":{"line":225,"column":0},"end":{"line":225,"column":38}},"225":{"start":{"line":226,"column":0},"end":{"line":226,"column":31}},"227":{"start":{"line":228,"column":0},"end":{"line":228,"column":44}},"228":{"start":{"line":229,"column":0},"end":{"line":229,"column":35}},"229":{"start":{"line":230,"column":0},"end":{"line":230,"column":26}},"231":{"start":{"line":232,"column":0},"end":{"line":232,"column":49}},"234":{"start":{"line":235,"column":0},"end":{"line":235,"column":33}},"235":{"start":{"line":236,"column":0},"end":{"line":236,"column":30}},"236":{"start":{"line":237,"column":0},"end":{"line":237,"column":64}},"237":{"start":{"line":238,"column":0},"end":{"line":238,"column":27}},"238":{"start":{"line":239,"column":0},"end":{"line":239,"column":42}},"239":{"start":{"line":240,"column":0},"end":{"line":240,"column":27}},"240":{"start":{"line":241,"column":0},"end":{"line":241,"column":7}},"242":{"start":{"line":243,"column":0},"end":{"line":243,"column":52}},"245":{"start":{"line":246,"column":0},"end":{"line":246,"column":49}},"246":{"start":{"line":247,"column":0},"end":{"line":247,"column":36}},"248":{"start":{"line":249,"column":0},"end":{"line":249,"column":25}},"249":{"start":{"line":250,"column":0},"end":{"line":250,"column":5}},"251":{"start":{"line":252,"column":0},"end":{"line":252,"column":18}},"252":{"start":{"line":253,"column":0},"end":{"line":253,"column":3}},"257":{"start":{"line":258,"column":0},"end":{"line":258,"column":30}},"259":{"start":{"line":260,"column":0},"end":{"line":260,"column":27}},"260":{"start":{"line":261,"column":0},"end":{"line":261,"column":36}},"261":{"start":{"line":262,"column":0},"end":{"line":262,"column":29}},"262":{"start":{"line":263,"column":0},"end":{"line":263,"column":9}},"263":{"start":{"line":264,"column":0},"end":{"line":264,"column":7}},"266":{"start":{"line":267,"column":0},"end":{"line":267,"column":27}},"267":{"start":{"line":268,"column":0},"end":{"line":268,"column":36}},"268":{"start":{"line":269,"column":0},"end":{"line":269,"column":31}},"269":{"start":{"line":270,"column":0},"end":{"line":270,"column":45}},"271":{"start":{"line":272,"column":0},"end":{"line":272,"column":41}},"272":{"start":{"line":273,"column":0},"end":{"line":273,"column":107}},"273":{"start":{"line":274,"column":0},"end":{"line":274,"column":32}},"274":{"start":{"line":275,"column":0},"end":{"line":275,"column":71}},"275":{"start":{"line":276,"column":0},"end":{"line":276,"column":53}},"276":{"start":{"line":277,"column":0},"end":{"line":277,"column":15}},"277":{"start":{"line":278,"column":0},"end":{"line":278,"column":15}},"278":{"start":{"line":279,"column":0},"end":{"line":279,"column":13}},"279":{"start":{"line":280,"column":0},"end":{"line":280,"column":9}},"280":{"start":{"line":281,"column":0},"end":{"line":281,"column":9}},"281":{"start":{"line":282,"column":0},"end":{"line":282,"column":7}},"282":{"start":{"line":283,"column":0},"end":{"line":283,"column":3}},"290":{"start":{"line":291,"column":0},"end":{"line":291,"column":42}},"291":{"start":{"line":292,"column":0},"end":{"line":292,"column":35}},"292":{"start":{"line":293,"column":0},"end":{"line":293,"column":50}},"293":{"start":{"line":294,"column":0},"end":{"line":294,"column":98}},"294":{"start":{"line":295,"column":0},"end":{"line":295,"column":27}},"297":{"start":{"line":298,"column":0},"end":{"line":298,"column":63}},"299":{"start":{"line":300,"column":0},"end":{"line":300,"column":27}},"300":{"start":{"line":301,"column":0},"end":{"line":301,"column":20}},"301":{"start":{"line":302,"column":0},"end":{"line":302,"column":8}},"302":{"start":{"line":303,"column":0},"end":{"line":303,"column":8}},"303":{"start":{"line":304,"column":0},"end":{"line":304,"column":27}},"304":{"start":{"line":305,"column":0},"end":{"line":305,"column":30}},"305":{"start":{"line":306,"column":0},"end":{"line":306,"column":12}},"306":{"start":{"line":307,"column":0},"end":{"line":307,"column":13}},"307":{"start":{"line":308,"column":0},"end":{"line":308,"column":51}},"308":{"start":{"line":309,"column":0},"end":{"line":309,"column":19}},"309":{"start":{"line":310,"column":0},"end":{"line":310,"column":24}},"310":{"start":{"line":311,"column":0},"end":{"line":311,"column":17}},"311":{"start":{"line":312,"column":0},"end":{"line":312,"column":20}},"312":{"start":{"line":313,"column":0},"end":{"line":313,"column":6}},"314":{"start":{"line":315,"column":0},"end":{"line":315,"column":24}},"315":{"start":{"line":316,"column":0},"end":{"line":316,"column":22}},"316":{"start":{"line":317,"column":0},"end":{"line":317,"column":21}},"317":{"start":{"line":318,"column":0},"end":{"line":318,"column":3}},"323":{"start":{"line":324,"column":0},"end":{"line":324,"column":35}},"324":{"start":{"line":325,"column":0},"end":{"line":325,"column":56}},"325":{"start":{"line":326,"column":0},"end":{"line":326,"column":33}},"328":{"start":{"line":329,"column":0},"end":{"line":329,"column":31}},"331":{"start":{"line":332,"column":0},"end":{"line":332,"column":86}
[...]
d","decl":{"start":{"line":324,"column":2},"end":{"line":345,"column":3}},"loc":{"start":{"line":324,"column":2},"end":{"line":345,"column":3}},"line":324},"13":{"name":"selectCard","decl":{"start":{"line":352,"column":2},"end":{"line":358,"column":3}},"loc":{"start":{"line":352,"column":2},"end":{"line":358,"column":3}},"line":352},"14":{"name":"manageConnection","decl":{"start":{"line":366,"column":2},"end":{"line":397,"column":3}},"loc":{"start":{"line":366,"column":2},"end":{"line":397,"column":3}},"line":366},"15":{"name":"autoResizeCard","decl":{"start":{"line":402,"column":2},"end":{"line":412,"column":3}},"loc":{"start":{"line":402,"column":2},"end":{"line":412,"column":3}},"line":402},"16":{"name":"updateCard","decl":{"start":{"line":419,"column":2},"end":{"line":447,"column":3}},"loc":{"start":{"line":419,"column":2},"end":{"line":447,"column":3}},"line":419},"17":{"name":"updateBlock","decl":{"start":{"line":452,"column":2},"end":{"line":475,"column":3}},"loc":{"start":{"line":452,"column":2},"end":{"line":475,"column":3}},"line":452},"18":{"name":"addBlock","decl":{"start":{"line":480,"column":2},"end":{"line":506,"column":3}},"loc":{"start":{"line":480,"column":2},"end":{"line":506,"column":3}},"line":480},"19":{"name":"deleteBlock","decl":{"start":{"line":511,"column":2},"end":{"line":535,"column":3}},"loc":{"start":{"line":511,"column":2},"end":{"line":535,"column":3}},"line":511},"20":{"name":"duplicateBlock","decl":{"start":{"line":540,"column":2},"end":{"line":569,"column":3}},"loc":{"start":{"line":540,"column":2},"end":{"line":569,"column":3}},"line":540},"21":{"name":"moveBlock","decl":{"start":{"line":574,"column":2},"end":{"line":599,"column":3}},"loc":{"start":{"line":574,"column":2},"end":{"line":599,"column":3}},"line":574},"22":{"name":"convertBlockType","decl":{"start":{"line":604,"column":2},"end":{"line":624,"column":3}},"loc":{"start":{"line":604,"column":2},"end":{"line":624,"column":3}},"line":604},"23":{"name":"setFocusedBlock","decl":{"start":{"line":629,"column":2},"end":{"line":631,"column":3}},"loc":{"start":{"line":629,"column":2},"end":{"line":631,"column":3}},"line":629},"24":{"name":"getFocusedBlock","decl":{"start":{"line":636,"column":2},"end":{"line":638,"column":3}},"loc":{"start":{"line":636,"column":2},"end":{"line":638,"column":3}},"line":636},"25":{"name":"toggleFocusMode","decl":{"start":{"line":643,"column":2},"end":{"line":649,"column":3}},"loc":{"start":{"line":643,"column":2},"end":{"line":649,"column":3}},"line":643},"26":{"name":"saveToLocalStorage","decl":{"start":{"line":654,"column":2},"end":{"line":677,"column":3}},"loc":{"start":{"line":654,"column":2},"end":{"line":677,"column":3}},"line":654},"27":{"name":"loadFromLocalStorage","decl":{"start":{"line":682,"column":2},"end":{"line":733,"column":3}},"loc":{"start":{"line":682,"column":2},"end":{"line":733,"column":3}},"line":682},"28":{"name":"startAutoSave","decl":{"start":{"line":738,"column":2},"end":{"line":750,"column":3}},"loc":{"start":{"line":738,"column":2},"end":{"line":750,"column":3}},"line":738},"29":{"name":"stopAutoSave","decl":{"start":{"line":755,"column":2},"end":{"line":760,"column":3}},"loc":{"start":{"line":755,"column":2},"end":{"line":760,"column":3}},"line":755},"30":{"name":"exportData","decl":{"start":{"line":765,"column":2},"end":{"line":779,"column":3}},"loc":{"start":{"line":765,"column":2},"end":{"line":779,"column":3}},"line":765},"31":{"name":"importData","decl":{"start":{"line":784,"column":2},"end":{"line":833,"column":3}},"loc":{"start":{"line":784,"column":2},"end":{"line":833,"column":3}},"line":784},"32":{"name":"getAllBlockReferences","decl":{"start":{"line":838,"column":2},"end":{"line":850,"column":3}},"loc":{"start":{"line":838,"column":2},"end":{"line":850,"column":3}},"line":838},"33":{"name":"findCardByBlockId","decl":{"start":{"line":855,"column":2},"end":{"line":859,"column":3}},"loc":{"start":{"line":855,"column":2},"end":{"line":859,"column":3}},"line":855},"34":{"name":"clearCanvas","decl":{"start":{"line":866,"column":2},"end":{"line":871,"column":3}},"loc":{"start":{"line":866,"column":2},"end":{"line":871,"column":3}},"line":866}},"f":{"0":84,"1":84,"2":27,"3":0,"4":84,"5":0,"6":0,"7":0,"8":42,"9":21,"10":22,"11":21,"12":0,"13":5,"14":6,"15":0,"16":1,"17":0,"18":0,"19":0,"20":0,"21":0,"22":0,"23":0,"24":0,"25":0,"26":0,"27":0,"28":0,"29":0,"30":0,"31":0,"32":0,"33":0,"34":0}}
,"/Users/uvu/YunYan/src/store/settings.ts": {"path":"/Users/uvu/YunYan/src/store/settings.ts","all":true,"statementMap":{"0":{"start":{"line":1,"column":0},"end":{"line":1,"column":36}},"1":{"start":{"line":2,"column":0},"end":{"line":2,"column":26}},"3":{"start":{"line":4,"column":0},"end":{"line":4,"column":63}},"4":{"start":{"line":5,"column":0},"end":{"line":5,"column":31}},"5":{"start":{"line":6,"column":0},"end":{"line":6,"column":45}},"6":{"start":{"line":7,"column":0},"end":{"line":7,"column":47}},"9":{"start":{"line":10,"column":0},"end":{"line":10,"column":55}},"10":{"start":{"line":11,"column":0},"end":{"line":11,"column":30}},"11":{"start":{"line":12,"column":0},"end":{"line":12,"column":18}},"12":{"start":{"line":13,"column":0},"end":{"line":13,"column":24}},"13":{"start":{"line":14,"column":0},"end":{"line":14,"column":31}},"14":{"start":{"line":15,"column":0},"end":{"line":15,"column":15}},"15":{"start":{"line":16,"column":0},"end":{"line":16,"column":5}},"16":{"start":{"line":17,"column":0},"end":{"line":17,"column":4}},"19":{"start":{"line":20,"column":0},"end":{"line":20,"column":57}},"20":{"start":{"line":21,"column":0},"end":{"line":21,"column":32}},"21":{"start":{"line":22,"column":0},"end":{"line":22,"column":18}},"22":{"start":{"line":23,"column":0},"end":{"line":23,"column":24}},"23":{"start":{"line":24,"column":0},"end":{"line":24,"column":33}},"24":{"start":{"line":25,"column":0},"end":{"line":25,"column":15}},"25":{"start":{"line":26,"column":0},"end":{"line":26,"column":5}},"26":{"start":{"line":27,"column":0},"end":{"line":27,"column":4}},"28":{"start":{"line":29,"column":0},"end":{"line":29,"column":10}},"29":{"start":{"line":30,"column":0},"end":{"line":30,"column":14}},"30":{"start":{"line":31,"column":0},"end":{"line":31,"column":14}},"31":{"start":{"line":32,"column":0},"end":{"line":32,"column":16}},"32":{"start":{"line":33,"column":0},"end":{"line":33,"column":20}},"33":{"start":{"line":34,"column":0},"end":{"line":34,"column":21}},"34":{"start":{"line":35,"column":0},"end":{"line":35,"column":4}},"35":{"start":{"line":36,"column":0},"end":{"line":36,"column":3}}},"s":{"0":0,"1":0,"3":0,"4":0,"5":0,"6":0,"9":0,"10":0,"11":0,"12":0,"13":0,"14":0,"15":0,"16":0,"19":0,"20":0,"21":0,"22":0,"23":0,"24":0,"25":0,"26":0,"28":0,"29":0,"30":0,"31":0,"32":0,"33":0,"34":0,"35":0},"branchMap":{"0":{"type":"branch","line":1,"loc":{"start":{"line":1,"column":801},"end":{"line":36,"column":3}},"locations":[{"start":{"line":1,"column":801},"end":{"line":36,"column":3}}]}},"b":{"0":[0]},"fnMap":{"0":{"name":"(empty-report)","decl":{"start":{"line":1,"column":801},"end":{"line":36,"column":3}},"loc":{"start":{"line":1,"column":801},"end":{"line":36,"column":3}},"line":1}},"f":{"0":0}}
,"/Users/uvu/YunYan/src/views/canvas/CanvasView.vue": {"path":"/Users/uvu/YunYan/src/views/canvas/CanvasView.vue","all":true,"statementMap":{"1":{"start":{"line":2,"column":0},"end":{"line":2,"column":54}},"2":{"start":{"line":3,"column":0},"end":{"line":3,"column":12}},"3":{"start":{"line":4,"column":0},"end":{"line":4,"column":20}},"4":{"start":{"line":5,"column":0},"end":{"line":5,"column":27}},"5":{"start":{"line":6,"column":0},"end":{"line":6,"column":26}},"6":{"start":{"line":7,"column":0},"end":{"line":7,"column":37}},"7":{"start":{"line":8,"column":0},"end":{"line":8,"column":31}},"8":{"start":{"line":9,"column":0},"end":{"line":9,"column":34}},"9":{"start":{"line":10,"column":0},"end":{"line":10,"column":34}},"10":{"start":{"line":11,"column":0},"end":{"line":11,"column":30}},"11":{"start":{"line":12,"column":0},"end":{"line":12,"column":33}},"13":{"start":{"line":14,"column":0},"end":{"line":14,"column":30}},"14":{"start":{"line":15,"column":0},"end":{"line":15,"column":28}},"15":{"start":{"line":16,"column":0},"end":{"line":16,"column":23}},"16":{"start":{"line":17,"column":0},"end":{"line":17,"column":65}},"17":{"start":{"line":18,"column":0},"end":{"line":18,"column":30}},"18":{"start":{"line":19,"column":0},"end":{"line":19,"column":34}},"19":{"start":{"line":20,"column":0},"end":{"line":20,"column":24}},"20":{"start":{"line":21,"column":0},"end":{"line":21,"column":24}},"21":{"start":{"line":22,"column":0},"end":{"line":22,"column":10}},"23":{"start":{"line":24,"column":0},"end":{"line":24,"column":22}},"24":{"start":{"line":25,"column":0},"end":{"line":25,"column":19}},"25":{"start":{"line":26,"column":0},"end":{"line":26,"column":31}},"26":{"start":{"line":27,"column":0},"end":{"line":27,"column":24}},"27":{"start":{"line":28,"column":0},"end":{"line":28,"column":23}},"28":{"start":{"line":29,"column":0},"end":{"line":29,"column":21}},"29":{"start":{"line":30,"column":0},"end":{"line":30,"column":21}},"30":{"start":{"line":31,"column":0},"end":{"line":31,"column":29}},"31":{"start":{"line":32,"column":0},"end":{"line":32,"column":31}},"32":{"start":{"line":33,"column":0},"end":{"line":33,"column":29}},"33":{"start":{"line":34,"column":0},"end":{"line":34,"column":33}},"34":{"start":{"line":35,"column":0},"end":{"line":35,"column":49}},"35":{"start":{"line":36,"column":0},"end":{"line":36,"column":38}},"36":{"start":{"line":37,"column":0},"end":{"line":37,"column":10}},"37":{"start":{"line":38,"column":0},"end":{"line":38,"column":16}},"38":{"start":{"line":39,"column":0},"end":{"line":39,"column":14}},"39":{"start":{"line":40,"column":0},"end":{"line":40,"column":8}},"43":{"start":{"line":44,"column":0},"end":{"line":44,"column":47}},"44":{"start":{"line":45,"column":0},"end":{"line":45,"column":76}},"45":{"start":{"line":46,"column":0},"end":{"line":46,"column":36}},"46":{"start":{"line":47,"column":0},"end":{"line":47,"column":60}},"47":{"start":{"line":48,"column":0},"end":{"line":48,"column":68}},"50":{"start":{"line":51,"column":0},"end":{"line":51,"column":31}},"51":{"start":{"line":52,"column":0},"end":{"line":52,"column":50}},"53":{"start":{"line":54,"column":0},"end":{"line":54,"column":57}},"54":{"start":{"line":55,"column":0},"end":{"line":55,"column":47}},"55":{"start":{"line":56,"column":0},"end":{"line":56,"column":47}},"56":{"start":{"line":57,"column":0},"end":{"line":57,"column":25}},"57":{"start":{"line":58,"column":0},"end":{"line":58,"column":27}},"58":{"start":{"line":59,"column":0},"end":{"line":59,"column":29}},"59":{"start":{"line":60,"column":0},"end":{"line":60,"column":37}},"60":{"start":{"line":61,"column":0},"end":{"line":61,"column":12}},"61":{"start":{"line":62,"column":0},"end":{"line":62,"column":12}},"62":{"start":{"line":63,"column":0},"end":{"line":63,"column":7}},"63":{"start":{"line":64,"column":0},"end":{"line":64,"column":7}},"64":{"start":{"line":65,"column":0},"end":{"line":65,"column":3}},"67":{"start":{"line":68,"column":0},"end":{"line":68,"column":30}},"68":{"start":{"line":69,"column":0},"end":{"line":69,"column":48}},"70":{"start":{"line":71,"column":0},"end":{"line":71,"column":17}},"71":{"start":{"line":72,"column":0},"end":{"line":72,"column":43}},"72":{"start":{"line":73,"column":0},"end":{"line":73,"column":48}},"73":{"start":{"line":74,"column":0},"end":{"line":74,"column":50}},"74":{"start":{"line":75,"column":0},"end":{"line":75,"column":5}},"75":{"start":{"line":76,"column":0},"end":{"line":76,"column":3}},"78":{"start":{"line":79,"column":0},"end":{"line":79,"column":68}},"79":{"start":{"line":80,"column":0},"end":{"line":80,"column":43}},"80":{"start":{"line":81,"column":0},"end":{"line":81,"column":21}},"83":{"start":{"line":84,"column":0},"end":{"line":84,"column":61}},"84":{"start":{"line":85,"column":0},"end":{"line":85,"column":27}},"85":{"start":{"line":86,"column":0},"end":{"line":86,"column":28}},"86":{"start":{"line":87,"column":0},"end":{"line":87,"column":43}},"87":{"start":{"line":88,"column":0},"end":{"line":88,"column":14}},"88":{"start":{"line":89,"column":0},"end":{"line":89,"column":38}},"89":{"start":{"line":90,"column":0},"end":{"line":90,"column":5}},"91":{"start":{"line":92,"column":0},"end":{"line":92,"column":48}},"92":{"start":{"line":93,"column":0},"end":{"line":93,"column":3}},"93":{"start":{"line":94,"column":0},"end":{"line":94,"column":2}},"96":{"start":{"line":97,"column":0},"end":{"line":97,"column":69}},"97":{"start":{"line":98,"column":0},"end":{"line":98,"column":43}},"98":{"start":{"line":99,"column":0},"end":{"line":99,"column":42}},"100":{"start":{"line":101,"column":0},"end":{"line":101,"column":41}},"101":{"start":{"line":102,"column":0},"end":{"line":102,"column":19}},"103":{"start":{"line":104,"column":0},"end":{"line":104,"column":49}},"104":{"start":{"line":105,"column":0},"end":{"line":105,"column":49}},"106":{"start":{"line":107,"column":0},"end":{"line":107,"column":28}},"107":{"start":{"line":108,"column":0},"end":{"line":108,"column":28}},"109":{"start":{"line":110,"column":0},"end":{"line":110,"column":69}},"110":{"start":{"line":111,"column":0},"end":{"line":111,"column":20}},"112":{"start":{"line":113,"column":0},"end":{"line":113,"column":34}},"113":{"start":{"line":114,"column":0},"end":{"line":114,"column":2}},"116":{"start":{"line":117,"column":0},"end":{"line":117,"column":67}},"117":{"start":{"line":118,"column":0},"end":{"line":118,"column":43}},"118":{"start":{"line":119,"column":0},"end":{"line":119,"column":21}},"120":{"start":{"line":121,"column":0},"end":{"line":121,"column":25}},"121":{"start":{"line":122,"column":0},"end":{"line":122,"column":29}},"123":{"start":{"line":124,"column":0},"end":{"line":124,"column":44}},"124":{"start":{"line":125,"column":0},"end":{"line":125,"column":3}},"125":{"start":{"line":126,"column":0},"end":{"line":126,"column":2}},"127":{"start":{"line":128,"column":0},"end":{"line":128,"column":64}},"128":{"start":{"line":129,"column":0},"end":{"line":129,"column":25}},"129":{"start":{"line":130,"column":0},"end":{"line":130,"column":43}},"130":{"start":{"line":131,"column":0},"end":{"line":131,"column":21}},"132":{"start":{"line":133,"column":0},"end":{"line":133,"column":45}},"133":{"start":{"line":134,"column":0},"end":{"line":134,"column":23}},"136":{"start":{"line":137,"column":0},"end":{"line":137,"column":74}},"139":{"start":{"line":140,"column":0},"end":{"line":140,"column":107}},"141":{"start":{"line":142,"column":0},"end":{"line":142,"column":60}},"142":{"start":{"line":143,"column":0},"end":{"line":143,"column":36}},"144":{"start":{"line":145,"column":0},"end":{"line":145,"column":26}},"145":{"start":{"line":146,"column":0},"end":{"line":146,"column":44}},"146":{"start":{"line":147,"column":0},"end":{"line":147,"column":44}},"147":{"start":{"line":148,"column":0},"end":{"line":148,"column":6}},"149":{"start":{"line":150,"column":0},"end":{"line":150,"column":80}},"152":{"start":{"line":153,"column":0},"end":{"line":153,"column":62}},"154":{"start":{"line":155,"column":0},"end":{"line":155,"column":44}},"155":{"start":{"line":156,"column":0},"end":{"line":156,"column":44}},"156":{"start":{"line":157,"column":0},"end":{"line":157,"column":68}},"157":{"start":{"line":158,"column":0},"end":{"line":158,"column":68}},"159":{"start":{"line":160,"column":0},"end":{"line":160,"column":54}},"160":{"start":{"line":161,"column":0},"end":{"line":161,"column":71}},"161":{"start":{"line":162,"column":0},"end":{"line":162,"column":10}},"163":{"start":{"line":164,"column":0},"end":{"line":164,"column":32}},"164":{"start":{"line":165,"column":0},"end":{"line":165,"column":32}},"166":{"start":{"line":167,"column":0},"end":{"line":167,"column":34}},"167":{"start":{"line":168,"column":0},"end":{"line":168,"column":34}},"169":{"start":{"line":170,"column":0},"end":{"line":170,"column":71}},"170":{"start":{"line":171,"column":0},"end":{"line":171,"column":3}},"172":{"start":{"line":173,"column":0},"end":{"line":173,"column":20}},"173":{"start":{"line":174,"column":0},"end":{"line":174,"column":2}},"175":{"start":{"line":176,"column":0},"end":{"line":176,"column":72}},"176":{"start":{"line":177,"column":0},"end":{"line":177,"column":39}},"177":{"start":{"line":178,"column":0},"end":{"line":178,"column":38}},"178":{"start":{"line":179,"column":0},"end":{"line":179,"column":44}},"179":{"start":{"line":180,"column":0},"end":{"line":180,"column":23}},"180":{"start":{"line":181,"column":0},"end":{"line":181,"column":61}},"181":{"start":{"line":182,"column":0},"end":{"line":182,"column":24}},"182":{"start":{"line":183,"column":0},"end":{"line":183,"column":37}},"183":{"start":{"line":184,"column":0},"end":{"line":184,"column":28}},"184":{"start":{"line":185,"column":0},"end":{"line":185,"column":7}},"185":{"start":{"line":186,"column":0},"end":{"line":186,"column":5}},"186":{"start":{"line":187,"column":0},"end":{"line":187,"column":3}},"187":{"start":{"line":188,"column":0},"end":{"line":188,"column":2}},"189":{"start":{"line":190,"column":0},"end":{"line":190,"column":69}},"190":{"start":{"line":191,"column":0},"end":{"line":191,"column":41}},"191":{"start":{"line":192,"column":0},"end":{"line":192,"column":31}},"192":{"start":{"line":193,"column":0},"end":{"line":193,"column":5}},"193":{"start":{"line":194,"column":0},"end":{"line":194,"column":2}},"195":{"start":{"line":196,"column":0},"end":{"line":196,"column":83}},"196":{"start":{"line":197,"column":0},"end":{"line":197,"column":33}},"197":{"start":{"line":198,"column":0},"end":{"line":198,"column":2}},"199":{"start":{"line":200,"column":0},"end":{"line":200,"column":40}},"200":{"start":{"line":201,"column":0},"end":{"line":201,"column":26}},"201":{"start":{"line":202,"column":0},"end":{"line":202,"column":38}},"202":{"start":{"line":203,"column":0},"end":{"line":203,"column":75}},"203":{"start":{"line":204,"column":0},"end":{"line":204,"column":75}},"204":{"start":{"line":205,"column":0},"end":{"line":205,"column":40}},"205":{"start":{"line":206,"column":0},"end":{"line":206,"column":42}},"206":{"start":{"line":207,"column":0},"end":{"line":207,"column":6}},"207":{"start":{"line":208,"column":0},"end":{"line":208,"column":94}},"208":{"start":{"line":209,"column":0},"end":{"line":209,"column":3}}},"s":{"1":0,"2":0,"3":0,"4":0,"5":0,"6":0,"7":0,"8":0,"9":0,"10":0,"11":0,"13":0,"14":0,"15":0,"16":0,"17":0,"18":0,"19":0,"20":0,"21":0,"23":0,"24":0,"25":0,"26":0,"27":0,"28":0,"29":0,"30":0,"31":0,"32":0,"33":0,"34":0,"35":0,"36":0,"37":0,"38":0,"39":0,"43":0,"44":0,"45":0,"46":0,"47":0,"50":0,"51":0,"53":0,"54":0,"55":0,"56":0,"57":0,"58":0,"59":0,"60":0,"61":0,"62":0,"63":0,"64":0,"67":0,"68":0,"70":0,"71":0,"72":0,"73":0,"74":0,"75":0,"78":0,"79":0,"80":0,"83":0,"84":0,"85":0,"86":0,"87":0,"88":0,"89":0,"91":0,"92":0,"93":0,"96":0,"97":0,"98":0,"100":0,"101":0,"103":0,"104":0,"106":0,"107":0,"109":0,"110":0,"112":0,"113":0,"116":0,"117":0,"118":0,"120":0,"121":0,"123":0,"124":0,"125":0,"127":0,"128":0,"129":0,"130":0,"132":0,"133":0,"136":0,"139":0,"141":0,"142":0,"144":0,"145":0,"146":0,"147":0,"149":0,"152":0,"154":0,"155":0,"156":0,"157":0,"159":0,"160":0,"161":0,"163":0,"164":0,"166":0,"167":0,"169":0,"170":0,"172":0,"173":0,"175":0,"176":0,"177":0,"178":0,"179":0,"180":0,"181":0,"182":0,"183":0,"184":0,"185":0,"186":0,"187":0,"189":0,"190":0,"191":0,"192":0,"193":0,"195":0,"196":0,"197":0,"199":0,"200":0,"201":0,"202":0,"203":0,"204":0,"205":0,"206":0,"207":0,"208":0},"branchMap":{"0":{"type":"branch","line":1,"loc":{"start":{"line":1,"column":6404},"end":{"line":232,"column":8}},"locations":[{"start":{"line":1,"column":6404},"end":{"line":232,"column":8}}]}},"b":{"0":[1]},"fnMap":{"0":{"name":"(empty-report)","decl":{"start":{"line":1,"column":6404},"end":{"line":232,"column":8}},"loc":{"start":{"line":1,"column":6404},"end":{"line":232,"column":8}},"line":1}},"f":{"0":1}}
}
